"../../../Engine/Content/EditorResources/S_Actor.ubulk" 0
"../../../Engine/Content/EditorResources/S_Actor.uasset" 1
"../../../Engine/Content/EditorResources/S_Actor.uexp" 2
"../../../Engine/Content/EditorResources/S_BoxReflectionCapture.uasset" 3
"../../../Engine/Content/EditorResources/S_BoxReflectionCapture.uexp" 4
"../../../Engine/Content/EngineResources/DefaultTexture.ubulk" 5
"../../../Engine/Content/EngineResources/DefaultTexture.uasset" 6
"../../../Engine/Content/EngineResources/DefaultTexture.uexp" 7
"../../../Engine/Content/EngineResources/DefaultTextureCube.uasset" 8
"../../../Engine/Content/EngineResources/DefaultTextureCube.uexp" 9
"../../../Engine/Content/EngineResources/DefaultVolumeTexture2D.uasset" 10
"../../../Engine/Content/EngineResources/DefaultVolumeTexture2D.uexp" 11
"../../../Engine/Content/EngineResources/DefaultVolumeTexture.uasset" 12
"../../../Engine/Content/EngineResources/DefaultVolumeTexture.uexp" 13
"../../../Engine/Content/EditorResources/S_Trigger.ubulk" 14
"../../../Engine/Content/EditorResources/S_Trigger.uasset" 15
"../../../Engine/Content/EditorResources/S_Trigger.uexp" 16
"../../../Engine/Content/EditorResources/S_TriggerBox.uasset" 17
"../../../Engine/Content/EditorResources/S_TriggerBox.uexp" 18
"../../../Engine/Content/EditorResources/S_TriggerCapsule.uasset" 19
"../../../Engine/Content/EditorResources/S_TriggerCapsule.uexp" 20
"../../../Engine/Content/EditorResources/S_TriggerSphere.uasset" 21
"../../../Engine/Content/EditorResources/S_TriggerSphere.uexp" 22
"../../../Engine/Content/EngineMeshes/Sphere.ubulk" 23
"../../../Engine/Content/EngineMeshes/Sphere.uasset" 24
"../../../Engine/Content/EngineMeshes/Sphere.uexp" 25
"../../../Engine/Content/EngineResources/GradientTexture0.uasset" 26
"../../../Engine/Content/EngineResources/GradientTexture0.uexp" 27
"../../../Engine/Content/EngineResources/Black.uasset" 28
"../../../Engine/Content/EngineResources/Black.uexp" 29
"../../../Engine/Content/VREditor/LaserPointer/VR_LaserPower_01.ubulk" 30
"../../../Engine/Content/VREditor/LaserPointer/VR_LaserPower_01.uasset" 31
"../../../Engine/Content/VREditor/LaserPointer/VR_LaserPower_01.uexp" 32
"../../../Engine/Content/VREditor/TransformGizmo/TransformGizmoMaterial.uasset" 33
"../../../Engine/Content/VREditor/TransformGizmo/TransformGizmoMaterial.uexp" 34
"../../../Engine/Content/VREditor/TransformGizmo/TranslucentTransformGizmoMaterial.uasset" 35
"../../../Engine/Content/VREditor/TransformGizmo/TranslucentTransformGizmoMaterial.uexp" 36
"../../../Engine/Content/VREditor/TransformGizmo/PlaneTranslationHandle.ubulk" 37
"../../../Engine/Content/VREditor/TransformGizmo/PlaneTranslationHandle.uasset" 38
"../../../Engine/Content/VREditor/TransformGizmo/PlaneTranslationHandle.uexp" 39
"../../../Engine/Content/VREditor/TransformGizmo/BoundingBoxCorner.ubulk" 40
"../../../Engine/Content/VREditor/TransformGizmo/BoundingBoxCorner.uasset" 41
"../../../Engine/Content/VREditor/TransformGizmo/BoundingBoxCorner.uexp" 42
"../../../Engine/Content/VREditor/TransformGizmo/BoundingBoxEdge.ubulk" 43
"../../../Engine/Content/VREditor/TransformGizmo/BoundingBoxEdge.uasset" 44
"../../../Engine/Content/VREditor/TransformGizmo/BoundingBoxEdge.uexp" 45
"../../../Engine/Content/VREditor/TransformGizmo/Main.uasset" 46
"../../../Engine/Content/VREditor/TransformGizmo/Main.uexp" 47
"../../../Engine/Content/VREditor/TransformGizmo/Xray.uasset" 48
"../../../Engine/Content/VREditor/TransformGizmo/Xray.uexp" 49
"../../../Engine/Content/VREditor/TransformGizmo/SM_Sequencer_Node.ubulk" 50
"../../../Engine/Content/VREditor/TransformGizmo/SM_Sequencer_Node.uasset" 51
"../../../Engine/Content/VREditor/TransformGizmo/SM_Sequencer_Node.uexp" 52
"../../../Engine/Content/EditorMaterials/Camera/CineMat.uasset" 53
"../../../Engine/Content/EditorMaterials/Camera/CineMat.uexp" 54
"../../../Engine/Content/EditorMaterials/Camera/MI_CineMat_Rig.uasset" 55
"../../../Engine/Content/EditorMaterials/Camera/MI_CineMat_Rig.uexp" 56
"../../../Engine/Content/EditorMeshes/Camera/SM_CraneRig_Base.ubulk" 57
"../../../Engine/Content/EditorMeshes/Camera/SM_CraneRig_Base.uasset" 58
"../../../Engine/Content/EditorMeshes/Camera/SM_CraneRig_Base.uexp" 59
"../../../Engine/Content/EditorMeshes/Camera/SM_CraneRig_Arm.ubulk" 60
"../../../Engine/Content/EditorMeshes/Camera/SM_CraneRig_Arm.uasset" 61
"../../../Engine/Content/EditorMeshes/Camera/SM_CraneRig_Arm.uexp" 62
"../../../Engine/Content/EditorMeshes/Camera/SM_CraneRig_Mount.ubulk" 63
"../../../Engine/Content/EditorMeshes/Camera/SM_CraneRig_Mount.uasset" 64
"../../../Engine/Content/EditorMeshes/Camera/SM_CraneRig_Mount.uexp" 65
"../../../Engine/Content/EditorMeshes/Camera/SM_CraneRig_Body.ubulk" 66
"../../../Engine/Content/EditorMeshes/Camera/SM_CraneRig_Body.uasset" 67
"../../../Engine/Content/EditorMeshes/Camera/SM_CraneRig_Body.uexp" 68
"../../../Engine/Content/EditorMeshes/Camera/SM_RailRig_Track.ubulk" 69
"../../../Engine/Content/EditorMeshes/Camera/SM_RailRig_Track.uasset" 70
"../../../Engine/Content/EditorMeshes/Camera/SM_RailRig_Track.uexp" 71
"../../../Engine/Content/EditorMeshes/Camera/SM_RailRig_Mount.ubulk" 72
"../../../Engine/Content/EditorMeshes/Camera/SM_RailRig_Mount.uasset" 73
"../../../Engine/Content/EditorMeshes/Camera/SM_RailRig_Mount.uexp" 74
"../../../Engine/Content/EngineMaterials/T_Default_Material_Grid_M.ubulk" 75
"../../../Engine/Content/EngineMaterials/T_Default_Material_Grid_M.uasset" 76
"../../../Engine/Content/EngineMaterials/T_Default_Material_Grid_M.uexp" 77
"../../../Engine/Content/EngineMaterials/T_Default_Material_Grid_N.ubulk" 78
"../../../Engine/Content/EngineMaterials/T_Default_Material_Grid_N.uasset" 79
"../../../Engine/Content/EngineMaterials/T_Default_Material_Grid_N.uexp" 80
"../../../Engine/Content/Functions/Engine_MaterialFunctions01/Opacity/CameraDepthFade.uasset" 81
"../../../Engine/Content/Functions/Engine_MaterialFunctions01/Opacity/CameraDepthFade.uexp" 82
"../../../Engine/Content/EngineMaterials/WorldGridMaterial.uasset" 83
"../../../Engine/Content/EngineMaterials/WorldGridMaterial.uexp" 84
"../../../Engine/Content/ArtTools/RenderToTexture/Meshes/S_1_Unit_Plane.ubulk" 85
"../../../Engine/Content/ArtTools/RenderToTexture/Meshes/S_1_Unit_Plane.uasset" 86
"../../../Engine/Content/ArtTools/RenderToTexture/Meshes/S_1_Unit_Plane.uexp" 87
"../../../Engine/Content/EditorMaterials/ParticleSystems/PSysThumbnail_NoImage.ubulk" 88
"../../../Engine/Content/EditorMaterials/ParticleSystems/PSysThumbnail_NoImage.uasset" 89
"../../../Engine/Content/EditorMaterials/ParticleSystems/PSysThumbnail_NoImage.uexp" 90
"../../../Engine/Content/EditorMaterials/ParticleSystems/PSysThumbnail_OOD.ubulk" 91
"../../../Engine/Content/EditorMaterials/ParticleSystems/PSysThumbnail_OOD.uasset" 92
"../../../Engine/Content/EditorMaterials/ParticleSystems/PSysThumbnail_OOD.uexp" 93
"../../../Engine/Content/EditorLandscapeResources/SplineEditorMeshMat.uasset" 94
"../../../Engine/Content/EditorLandscapeResources/SplineEditorMeshMat.uexp" 95
"../../../Engine/Content/EditorLandscapeResources/SplineEditorMesh.ubulk" 96
"../../../Engine/Content/EditorLandscapeResources/SplineEditorMesh.uasset" 97
"../../../Engine/Content/EditorLandscapeResources/SplineEditorMesh.uexp" 98
"../../../Engine/Content/EditorResources/S_Solver.ubulk" 99
"../../../Engine/Content/EditorResources/S_Solver.uasset" 100
"../../../Engine/Content/EditorResources/S_Solver.uexp" 101
"../../../Engine/Plugins/Media/MediaPlate/Content/SM_MediaPlateScreen.ubulk" 102
"../../../Engine/Plugins/Media/MediaPlate/Content/SM_MediaPlateScreen.uasset" 103
"../../../Engine/Plugins/Media/MediaPlate/Content/SM_MediaPlateScreen.uexp" 104
"../../../Engine/Content/EngineMaterials/Good64x64TilingNoiseHighFreq.uasset" 105
"../../../Engine/Content/EngineMaterials/Good64x64TilingNoiseHighFreq.uexp" 106
"../../../Engine/Content/EngineMaterials/DefaultBokeh.uasset" 107
"../../../Engine/Content/EngineMaterials/DefaultBokeh.uexp" 108
"../../../Engine/Content/EngineMaterials/PreintegratedSkinBRDF.uasset" 109
"../../../Engine/Content/EngineMaterials/PreintegratedSkinBRDF.uexp" 110
"../../../Engine/Content/EngineMaterials/MiniFont.uasset" 111
"../../../Engine/Content/EngineMaterials/MiniFont.uexp" 112
"../../../Engine/Content/EngineMaterials/WeightMapPlaceholderTexture.uasset" 113
"../../../Engine/Content/EngineMaterials/WeightMapPlaceholderTexture.uexp" 114
"../../../Engine/Content/EngineMaterials/DefaultWhiteGrid.ubulk" 115
"../../../Engine/Content/EngineMaterials/DefaultWhiteGrid.uasset" 116
"../../../Engine/Content/EngineMaterials/DefaultWhiteGrid.uexp" 117
"../../../Engine/Plugins/2D/Paper2D/Content/PlaceholderTextures/DummySpriteTexture.ubulk" 118
"../../../Engine/Plugins/2D/Paper2D/Content/PlaceholderTextures/DummySpriteTexture.uasset" 119
"../../../Engine/Plugins/2D/Paper2D/Content/PlaceholderTextures/DummySpriteTexture.uexp" 120
"../../../Engine/Plugins/2D/Paper2D/Content/DefaultSpriteMaterial.uasset" 121
"../../../Engine/Plugins/2D/Paper2D/Content/DefaultSpriteMaterial.uexp" 122
"../../../Engine/Plugins/2D/Paper2D/Content/OpaqueUnlitSpriteMaterial.uasset" 123
"../../../Engine/Plugins/2D/Paper2D/Content/OpaqueUnlitSpriteMaterial.uexp" 124
"../../../Engine/Plugins/2D/Paper2D/Content/MaskedUnlitSpriteMaterial.uasset" 125
"../../../Engine/Plugins/2D/Paper2D/Content/MaskedUnlitSpriteMaterial.uexp" 126
"../../../Engine/Plugins/2D/Paper2D/Content/DummySprite.uasset" 127
"../../../Engine/Plugins/2D/Paper2D/Content/DummySprite.uexp" 128
"../../../Engine/Plugins/2D/Paper2D/Content/DefaultPaperTerrainMaterial.uasset" 129
"../../../Engine/Plugins/2D/Paper2D/Content/DefaultPaperTerrainMaterial.uexp" 130
"../../../Engine/Content/Functions/Engine_MaterialFunctions02/WorldPositionOffset/CameraOffset.uasset" 131
"../../../Engine/Content/Functions/Engine_MaterialFunctions02/WorldPositionOffset/CameraOffset.uexp" 132
"../../../Engine/Plugins/Animation/ControlRig/Content/M_Manip.uasset" 133
"../../../Engine/Plugins/Animation/ControlRig/Content/M_Manip.uexp" 134
"C:/Users/milos/Documents/Unreal Projects/Game/Content/Sprites/Super_Grotto_Escape_Files/Fx/Sprites/Player-shoot-hit/player-shoot-hit4.uasset" 135
"C:/Users/milos/Documents/Unreal Projects/Game/Content/Sprites/Super_Grotto_Escape_Files/Fx/Sprites/Player-shoot-hit/player-shoot-hit4.uexp" 136
"C:/Users/milos/Documents/Unreal Projects/Game/Content/Sprites/Super_Grotto_Escape_Files/Fx/Sprites/Player-shoot-hit/player-shoot-hit4_Sprite.uasset" 137
"C:/Users/milos/Documents/Unreal Projects/Game/Content/Sprites/Super_Grotto_Escape_Files/Fx/Sprites/Player-shoot-hit/player-shoot-hit4_Sprite.uexp" 138
"C:/Users/milos/Documents/Unreal Projects/Game/Content/Sprites/Super_Grotto_Escape_Files/Fx/Sprites/Player-shoot-hit/player-shoot-hit3.uasset" 139
"C:/Users/milos/Documents/Unreal Projects/Game/Content/Sprites/Super_Grotto_Escape_Files/Fx/Sprites/Player-shoot-hit/player-shoot-hit3.uexp" 140
"C:/Users/milos/Documents/Unreal Projects/Game/Content/Sprites/Super_Grotto_Escape_Files/Fx/Sprites/Player-shoot-hit/player-shoot-hit3_Sprite.uasset" 141
"C:/Users/milos/Documents/Unreal Projects/Game/Content/Sprites/Super_Grotto_Escape_Files/Fx/Sprites/Player-shoot-hit/player-shoot-hit3_Sprite.uexp" 142
"C:/Users/milos/Documents/Unreal Projects/Game/Content/Sprites/Super_Grotto_Escape_Files/Fx/Sprites/Player-shoot-hit/player-shoot-hit2.uasset" 143
"C:/Users/milos/Documents/Unreal Projects/Game/Content/Sprites/Super_Grotto_Escape_Files/Fx/Sprites/Player-shoot-hit/player-shoot-hit2.uexp" 144
"C:/Users/milos/Documents/Unreal Projects/Game/Content/Sprites/Super_Grotto_Escape_Files/Fx/Sprites/Player-shoot-hit/player-shoot-hit2_Sprite.uasset" 145
"C:/Users/milos/Documents/Unreal Projects/Game/Content/Sprites/Super_Grotto_Escape_Files/Fx/Sprites/Player-shoot-hit/player-shoot-hit2_Sprite.uexp" 146
"C:/Users/milos/Documents/Unreal Projects/Game/Content/Sprites/Super_Grotto_Escape_Files/Fx/Sprites/Player-shoot-hit/player-shoot-hit1.uasset" 147
"C:/Users/milos/Documents/Unreal Projects/Game/Content/Sprites/Super_Grotto_Escape_Files/Fx/Sprites/Player-shoot-hit/player-shoot-hit1.uexp" 148
"C:/Users/milos/Documents/Unreal Projects/Game/Content/Sprites/Super_Grotto_Escape_Files/Fx/Sprites/Player-shoot-hit/player-shoot-hit1_Sprite.uasset" 149
"C:/Users/milos/Documents/Unreal Projects/Game/Content/Sprites/Super_Grotto_Escape_Files/Fx/Sprites/Player-shoot-hit/player-shoot-hit1_Sprite.uexp" 150
"C:/Users/milos/Documents/Unreal Projects/Game/Content/Sprites/Super_Grotto_Escape_Files/Fx/Sprites/Player-shoot-hit/player-shoot-hit.uasset" 151
"C:/Users/milos/Documents/Unreal Projects/Game/Content/Sprites/Super_Grotto_Escape_Files/Fx/Sprites/Player-shoot-hit/player-shoot-hit.uexp" 152
"C:/Users/milos/Documents/Unreal Projects/Game/Content/Sprites/Super_Grotto_Escape_Files/Fx/Sprites/Player-Shoot/player-shoot4.uasset" 153
"C:/Users/milos/Documents/Unreal Projects/Game/Content/Sprites/Super_Grotto_Escape_Files/Fx/Sprites/Player-Shoot/player-shoot4.uexp" 154
"C:/Users/milos/Documents/Unreal Projects/Game/Content/Sprites/Super_Grotto_Escape_Files/Fx/Sprites/Player-Shoot/player-shoot4_Sprite.uasset" 155
"C:/Users/milos/Documents/Unreal Projects/Game/Content/Sprites/Super_Grotto_Escape_Files/Fx/Sprites/Player-Shoot/player-shoot4_Sprite.uexp" 156
"C:/Users/milos/Documents/Unreal Projects/Game/Content/Sprites/Super_Grotto_Escape_Files/Fx/Sprites/Player-Shoot/player-shoot3.uasset" 157
"C:/Users/milos/Documents/Unreal Projects/Game/Content/Sprites/Super_Grotto_Escape_Files/Fx/Sprites/Player-Shoot/player-shoot3.uexp" 158
"C:/Users/milos/Documents/Unreal Projects/Game/Content/Sprites/Super_Grotto_Escape_Files/Fx/Sprites/Player-Shoot/player-shoot3_Sprite.uasset" 159
"C:/Users/milos/Documents/Unreal Projects/Game/Content/Sprites/Super_Grotto_Escape_Files/Fx/Sprites/Player-Shoot/player-shoot3_Sprite.uexp" 160
"C:/Users/milos/Documents/Unreal Projects/Game/Content/Sprites/Super_Grotto_Escape_Files/Fx/Sprites/Player-Shoot/player-shoot2.uasset" 161
"C:/Users/milos/Documents/Unreal Projects/Game/Content/Sprites/Super_Grotto_Escape_Files/Fx/Sprites/Player-Shoot/player-shoot2.uexp" 162
"C:/Users/milos/Documents/Unreal Projects/Game/Content/Sprites/Super_Grotto_Escape_Files/Fx/Sprites/Player-Shoot/player-shoot2_Sprite.uasset" 163
"C:/Users/milos/Documents/Unreal Projects/Game/Content/Sprites/Super_Grotto_Escape_Files/Fx/Sprites/Player-Shoot/player-shoot2_Sprite.uexp" 164
"C:/Users/milos/Documents/Unreal Projects/Game/Content/Sprites/Super_Grotto_Escape_Files/Fx/Sprites/Player-Shoot/player-shoot1.uasset" 165
"C:/Users/milos/Documents/Unreal Projects/Game/Content/Sprites/Super_Grotto_Escape_Files/Fx/Sprites/Player-Shoot/player-shoot1.uexp" 166
"C:/Users/milos/Documents/Unreal Projects/Game/Content/Sprites/Super_Grotto_Escape_Files/Fx/Sprites/Player-Shoot/player-shoot1_Sprite.uasset" 167
"C:/Users/milos/Documents/Unreal Projects/Game/Content/Sprites/Super_Grotto_Escape_Files/Fx/Sprites/Player-Shoot/player-shoot1_Sprite.uexp" 168
"C:/Users/milos/Documents/Unreal Projects/Game/Content/Sprites/Super_Grotto_Escape_Files/Fx/Sprites/Player-Shoot/player-shoot.uasset" 169
"C:/Users/milos/Documents/Unreal Projects/Game/Content/Sprites/Super_Grotto_Escape_Files/Fx/Sprites/Player-Shoot/player-shoot.uexp" 170
"C:/Users/milos/Documents/Unreal Projects/Game/Content/Blueprints/Bullet.uasset" 171
"C:/Users/milos/Documents/Unreal Projects/Game/Content/Blueprints/Bullet.uexp" 172
"C:/Users/milos/Documents/Unreal Projects/Game/Content/Sprites/Super_Grotto_Escape_Files/Characters/Player/sprites/Player-run-shoot/player-run-shoott6.uasset" 173
"C:/Users/milos/Documents/Unreal Projects/Game/Content/Sprites/Super_Grotto_Escape_Files/Characters/Player/sprites/Player-run-shoot/player-run-shoott6.uexp" 174
"C:/Users/milos/Documents/Unreal Projects/Game/Content/Sprites/Super_Grotto_Escape_Files/Characters/Player/sprites/Player-run-shoot/player-run-shoott6_Sprite.uasset" 175
"C:/Users/milos/Documents/Unreal Projects/Game/Content/Sprites/Super_Grotto_Escape_Files/Characters/Player/sprites/Player-run-shoot/player-run-shoott6_Sprite.uexp" 176
"C:/Users/milos/Documents/Unreal Projects/Game/Content/Sprites/Super_Grotto_Escape_Files/Characters/Player/sprites/Player-run-shoot/player-run-shoott5.uasset" 177
"C:/Users/milos/Documents/Unreal Projects/Game/Content/Sprites/Super_Grotto_Escape_Files/Characters/Player/sprites/Player-run-shoot/player-run-shoott5.uexp" 178
"C:/Users/milos/Documents/Unreal Projects/Game/Content/Sprites/Super_Grotto_Escape_Files/Characters/Player/sprites/Player-run-shoot/player-run-shoott5_Sprite.uasset" 179
"C:/Users/milos/Documents/Unreal Projects/Game/Content/Sprites/Super_Grotto_Escape_Files/Characters/Player/sprites/Player-run-shoot/player-run-shoott5_Sprite.uexp" 180
"C:/Users/milos/Documents/Unreal Projects/Game/Content/Sprites/Super_Grotto_Escape_Files/Characters/Player/sprites/Player-run-shoot/player-run-shoott4.uasset" 181
"C:/Users/milos/Documents/Unreal Projects/Game/Content/Sprites/Super_Grotto_Escape_Files/Characters/Player/sprites/Player-run-shoot/player-run-shoott4.uexp" 182
"C:/Users/milos/Documents/Unreal Projects/Game/Content/Sprites/Super_Grotto_Escape_Files/Characters/Player/sprites/Player-run-shoot/player-run-shoott4_Sprite.uasset" 183
"C:/Users/milos/Documents/Unreal Projects/Game/Content/Sprites/Super_Grotto_Escape_Files/Characters/Player/sprites/Player-run-shoot/player-run-shoott4_Sprite.uexp" 184
"C:/Users/milos/Documents/Unreal Projects/Game/Content/Sprites/Super_Grotto_Escape_Files/Characters/Player/sprites/Player-run-shoot/player-run-shoott3.uasset" 185
"C:/Users/milos/Documents/Unreal Projects/Game/Content/Sprites/Super_Grotto_Escape_Files/Characters/Player/sprites/Player-run-shoot/player-run-shoott3.uexp" 186
"C:/Users/milos/Documents/Unreal Projects/Game/Content/Sprites/Super_Grotto_Escape_Files/Characters/Player/sprites/Player-run-shoot/player-run-shoott3_Sprite.uasset" 187
"C:/Users/milos/Documents/Unreal Projects/Game/Content/Sprites/Super_Grotto_Escape_Files/Characters/Player/sprites/Player-run-shoot/player-run-shoott3_Sprite.uexp" 188
"C:/Users/milos/Documents/Unreal Projects/Game/Content/Sprites/Super_Grotto_Escape_Files/Characters/Player/sprites/Player-run-shoot/player-run-shoott2.uasset" 189
"C:/Users/milos/Documents/Unreal Projects/Game/Content/Sprites/Super_Grotto_Escape_Files/Characters/Player/sprites/Player-run-shoot/player-run-shoott2.uexp" 190
"C:/Users/milos/Documents/Unreal Projects/Game/Content/Sprites/Super_Grotto_Escape_Files/Characters/Player/sprites/Player-run-shoot/player-run-shoott2_Sprite.uasset" 191
"C:/Users/milos/Documents/Unreal Projects/Game/Content/Sprites/Super_Grotto_Escape_Files/Characters/Player/sprites/Player-run-shoot/player-run-shoott2_Sprite.uexp" 192
"C:/Users/milos/Documents/Unreal Projects/Game/Content/Sprites/Super_Grotto_Escape_Files/Characters/Player/sprites/Player-run-shoot/player-run-shoott1.uasset" 193
"C:/Users/milos/Documents/Unreal Projects/Game/Content/Sprites/Super_Grotto_Escape_Files/Characters/Player/sprites/Player-run-shoot/player-run-shoott1.uexp" 194
"C:/Users/milos/Documents/Unreal Projects/Game/Content/Sprites/Super_Grotto_Escape_Files/Characters/Player/sprites/Player-run-shoot/player-run-shoott1_Sprite.uasset" 195
"C:/Users/milos/Documents/Unreal Projects/Game/Content/Sprites/Super_Grotto_Escape_Files/Characters/Player/sprites/Player-run-shoot/player-run-shoott1_Sprite.uexp" 196
"C:/Users/milos/Documents/Unreal Projects/Game/Content/Sprites/Super_Grotto_Escape_Files/Characters/Player/sprites/Player-run-shoot/player-run-shoott.uasset" 197
"C:/Users/milos/Documents/Unreal Projects/Game/Content/Sprites/Super_Grotto_Escape_Files/Characters/Player/sprites/Player-run-shoot/player-run-shoott.uexp" 198
"C:/Users/milos/Documents/Unreal Projects/Game/Content/Sprites/Super_Grotto_Escape_Files/Characters/Player/sprites/player-run/player-run6.uasset" 199
"C:/Users/milos/Documents/Unreal Projects/Game/Content/Sprites/Super_Grotto_Escape_Files/Characters/Player/sprites/player-run/player-run6.uexp" 200
"C:/Users/milos/Documents/Unreal Projects/Game/Content/Sprites/Super_Grotto_Escape_Files/Characters/Player/sprites/player-run/player-run6_Sprite.uasset" 201
"C:/Users/milos/Documents/Unreal Projects/Game/Content/Sprites/Super_Grotto_Escape_Files/Characters/Player/sprites/player-run/player-run6_Sprite.uexp" 202
"C:/Users/milos/Documents/Unreal Projects/Game/Content/Sprites/Super_Grotto_Escape_Files/Characters/Player/sprites/player-run/player-run5.uasset" 203
"C:/Users/milos/Documents/Unreal Projects/Game/Content/Sprites/Super_Grotto_Escape_Files/Characters/Player/sprites/player-run/player-run5.uexp" 204
"C:/Users/milos/Documents/Unreal Projects/Game/Content/Sprites/Super_Grotto_Escape_Files/Characters/Player/sprites/player-run/player-run5_Sprite.uasset" 205
"C:/Users/milos/Documents/Unreal Projects/Game/Content/Sprites/Super_Grotto_Escape_Files/Characters/Player/sprites/player-run/player-run5_Sprite.uexp" 206
"C:/Users/milos/Documents/Unreal Projects/Game/Content/Sprites/Super_Grotto_Escape_Files/Characters/Player/sprites/player-run/player-run4.uasset" 207
"C:/Users/milos/Documents/Unreal Projects/Game/Content/Sprites/Super_Grotto_Escape_Files/Characters/Player/sprites/player-run/player-run4.uexp" 208
"C:/Users/milos/Documents/Unreal Projects/Game/Content/Sprites/Super_Grotto_Escape_Files/Characters/Player/sprites/player-run/player-run4_Sprite.uasset" 209
"C:/Users/milos/Documents/Unreal Projects/Game/Content/Sprites/Super_Grotto_Escape_Files/Characters/Player/sprites/player-run/player-run4_Sprite.uexp" 210
"C:/Users/milos/Documents/Unreal Projects/Game/Content/Sprites/Super_Grotto_Escape_Files/Characters/Player/sprites/player-run/player-run3.uasset" 211
"C:/Users/milos/Documents/Unreal Projects/Game/Content/Sprites/Super_Grotto_Escape_Files/Characters/Player/sprites/player-run/player-run3.uexp" 212
"C:/Users/milos/Documents/Unreal Projects/Game/Content/Sprites/Super_Grotto_Escape_Files/Characters/Player/sprites/player-run/player-run3_Sprite.uasset" 213
"C:/Users/milos/Documents/Unreal Projects/Game/Content/Sprites/Super_Grotto_Escape_Files/Characters/Player/sprites/player-run/player-run3_Sprite.uexp" 214
"C:/Users/milos/Documents/Unreal Projects/Game/Content/Sprites/Super_Grotto_Escape_Files/Characters/Player/sprites/player-run/player-run2.uasset" 215
"C:/Users/milos/Documents/Unreal Projects/Game/Content/Sprites/Super_Grotto_Escape_Files/Characters/Player/sprites/player-run/player-run2.uexp" 216
"C:/Users/milos/Documents/Unreal Projects/Game/Content/Sprites/Super_Grotto_Escape_Files/Characters/Player/sprites/player-run/player-run2_Sprite.uasset" 217
"C:/Users/milos/Documents/Unreal Projects/Game/Content/Sprites/Super_Grotto_Escape_Files/Characters/Player/sprites/player-run/player-run2_Sprite.uexp" 218
"C:/Users/milos/Documents/Unreal Projects/Game/Content/Sprites/Super_Grotto_Escape_Files/Characters/Player/sprites/player-run/player-run1.uasset" 219
"C:/Users/milos/Documents/Unreal Projects/Game/Content/Sprites/Super_Grotto_Escape_Files/Characters/Player/sprites/player-run/player-run1.uexp" 220
"C:/Users/milos/Documents/Unreal Projects/Game/Content/Sprites/Super_Grotto_Escape_Files/Characters/Player/sprites/player-run/player-run1_Sprite.uasset" 221
"C:/Users/milos/Documents/Unreal Projects/Game/Content/Sprites/Super_Grotto_Escape_Files/Characters/Player/sprites/player-run/player-run1_Sprite.uexp" 222
"C:/Users/milos/Documents/Unreal Projects/Game/Content/Sprites/Super_Grotto_Escape_Files/Characters/Player/sprites/player-run/player-run.uasset" 223
"C:/Users/milos/Documents/Unreal Projects/Game/Content/Sprites/Super_Grotto_Escape_Files/Characters/Player/sprites/player-run/player-run.uexp" 224
"C:/Users/milos/Documents/Unreal Projects/Game/Content/Sprites/Super_Grotto_Escape_Files/Characters/Player/sprites/Player-jump/player-jump1.uasset" 225
"C:/Users/milos/Documents/Unreal Projects/Game/Content/Sprites/Super_Grotto_Escape_Files/Characters/Player/sprites/Player-jump/player-jump1.uexp" 226
"C:/Users/milos/Documents/Unreal Projects/Game/Content/Sprites/Super_Grotto_Escape_Files/Characters/Player/sprites/Player-jump/player-jump1_Sprite.uasset" 227
"C:/Users/milos/Documents/Unreal Projects/Game/Content/Sprites/Super_Grotto_Escape_Files/Characters/Player/sprites/Player-jump/player-jump1_Sprite.uexp" 228
"C:/Users/milos/Documents/Unreal Projects/Game/Content/Sprites/Super_Grotto_Escape_Files/Characters/Player/sprites/Player-jump/player-jump.uasset" 229
"C:/Users/milos/Documents/Unreal Projects/Game/Content/Sprites/Super_Grotto_Escape_Files/Characters/Player/sprites/Player-jump/player-jump.uexp" 230
"C:/Users/milos/Documents/Unreal Projects/Game/Content/Sprites/Super_Grotto_Escape_Files/Characters/Player/sprites/Player-jump/player-jump2.uasset" 231
"C:/Users/milos/Documents/Unreal Projects/Game/Content/Sprites/Super_Grotto_Escape_Files/Characters/Player/sprites/Player-jump/player-jump2.uexp" 232
"C:/Users/milos/Documents/Unreal Projects/Game/Content/Sprites/Super_Grotto_Escape_Files/Characters/Player/sprites/Player-jump/player-jump2_Sprite.uasset" 233
"C:/Users/milos/Documents/Unreal Projects/Game/Content/Sprites/Super_Grotto_Escape_Files/Characters/Player/sprites/Player-jump/player-jump2_Sprite.uexp" 234
"C:/Users/milos/Documents/Unreal Projects/Game/Content/Sprites/Super_Grotto_Escape_Files/Characters/Player/sprites/Player-jump/player-falling.uasset" 235
"C:/Users/milos/Documents/Unreal Projects/Game/Content/Sprites/Super_Grotto_Escape_Files/Characters/Player/sprites/Player-jump/player-falling.uexp" 236
"C:/Users/milos/Documents/Unreal Projects/Game/Content/Sprites/Super_Grotto_Escape_Files/Characters/Player/sprites/Player-idle/player-idle6.uasset" 237
"C:/Users/milos/Documents/Unreal Projects/Game/Content/Sprites/Super_Grotto_Escape_Files/Characters/Player/sprites/Player-idle/player-idle6.uexp" 238
"C:/Users/milos/Documents/Unreal Projects/Game/Content/Sprites/Super_Grotto_Escape_Files/Characters/Player/sprites/Player-idle/player-idle6_Sprite.uasset" 239
"C:/Users/milos/Documents/Unreal Projects/Game/Content/Sprites/Super_Grotto_Escape_Files/Characters/Player/sprites/Player-idle/player-idle6_Sprite.uexp" 240
"C:/Users/milos/Documents/Unreal Projects/Game/Content/Sprites/Super_Grotto_Escape_Files/Characters/Player/sprites/Player-idle/player-idle5.uasset" 241
"C:/Users/milos/Documents/Unreal Projects/Game/Content/Sprites/Super_Grotto_Escape_Files/Characters/Player/sprites/Player-idle/player-idle5.uexp" 242
"C:/Users/milos/Documents/Unreal Projects/Game/Content/Sprites/Super_Grotto_Escape_Files/Characters/Player/sprites/Player-idle/player-idle5_Sprite.uasset" 243
"C:/Users/milos/Documents/Unreal Projects/Game/Content/Sprites/Super_Grotto_Escape_Files/Characters/Player/sprites/Player-idle/player-idle5_Sprite.uexp" 244
"C:/Users/milos/Documents/Unreal Projects/Game/Content/Sprites/Super_Grotto_Escape_Files/Characters/Player/sprites/Player-idle/player-idle4.uasset" 245
"C:/Users/milos/Documents/Unreal Projects/Game/Content/Sprites/Super_Grotto_Escape_Files/Characters/Player/sprites/Player-idle/player-idle4.uexp" 246
"C:/Users/milos/Documents/Unreal Projects/Game/Content/Sprites/Super_Grotto_Escape_Files/Characters/Player/sprites/Player-idle/player-idle4_Sprite.uasset" 247
"C:/Users/milos/Documents/Unreal Projects/Game/Content/Sprites/Super_Grotto_Escape_Files/Characters/Player/sprites/Player-idle/player-idle4_Sprite.uexp" 248
"C:/Users/milos/Documents/Unreal Projects/Game/Content/Sprites/Super_Grotto_Escape_Files/Characters/Player/sprites/Player-idle/player-idle3.uasset" 249
"C:/Users/milos/Documents/Unreal Projects/Game/Content/Sprites/Super_Grotto_Escape_Files/Characters/Player/sprites/Player-idle/player-idle3.uexp" 250
"C:/Users/milos/Documents/Unreal Projects/Game/Content/Sprites/Super_Grotto_Escape_Files/Characters/Player/sprites/Player-idle/player-idle3_Sprite.uasset" 251
"C:/Users/milos/Documents/Unreal Projects/Game/Content/Sprites/Super_Grotto_Escape_Files/Characters/Player/sprites/Player-idle/player-idle3_Sprite.uexp" 252
"C:/Users/milos/Documents/Unreal Projects/Game/Content/Sprites/Super_Grotto_Escape_Files/Characters/Player/sprites/Player-idle/player-idle2.uasset" 253
"C:/Users/milos/Documents/Unreal Projects/Game/Content/Sprites/Super_Grotto_Escape_Files/Characters/Player/sprites/Player-idle/player-idle2.uexp" 254
"C:/Users/milos/Documents/Unreal Projects/Game/Content/Sprites/Super_Grotto_Escape_Files/Characters/Player/sprites/Player-idle/player-idle2_Sprite.uasset" 255
"C:/Users/milos/Documents/Unreal Projects/Game/Content/Sprites/Super_Grotto_Escape_Files/Characters/Player/sprites/Player-idle/player-idle2_Sprite.uexp" 256
"C:/Users/milos/Documents/Unreal Projects/Game/Content/Sprites/Super_Grotto_Escape_Files/Characters/Player/sprites/Player-idle/player-idle1.uasset" 257
"C:/Users/milos/Documents/Unreal Projects/Game/Content/Sprites/Super_Grotto_Escape_Files/Characters/Player/sprites/Player-idle/player-idle1.uexp" 258
"C:/Users/milos/Documents/Unreal Projects/Game/Content/Sprites/Super_Grotto_Escape_Files/Characters/Player/sprites/Player-idle/player-idle1_Sprite.uasset" 259
"C:/Users/milos/Documents/Unreal Projects/Game/Content/Sprites/Super_Grotto_Escape_Files/Characters/Player/sprites/Player-idle/player-idle1_Sprite.uexp" 260
"C:/Users/milos/Documents/Unreal Projects/Game/Content/Sprites/Super_Grotto_Escape_Files/Characters/Player/sprites/Player-idle/player-idle.uasset" 261
"C:/Users/milos/Documents/Unreal Projects/Game/Content/Sprites/Super_Grotto_Escape_Files/Characters/Player/sprites/Player-idle/player-idle.uexp" 262
"C:/Users/milos/Documents/Unreal Projects/Game/Content/Blueprints/MainCharacter.uasset" 263
"C:/Users/milos/Documents/Unreal Projects/Game/Content/Blueprints/MainCharacter.uexp" 264
"C:/Users/milos/Documents/Unreal Projects/Game/Content/Blueprints/GameMode_Blueprint.uasset" 265
"C:/Users/milos/Documents/Unreal Projects/Game/Content/Blueprints/GameMode_Blueprint.uexp" 266
"../../../Engine/Plugins/Runtime/MeshModelingToolset/Content/Materials/M_DynamicMeshComponentVtxColor.uasset" 267
"../../../Engine/Plugins/Runtime/MeshModelingToolset/Content/Materials/M_DynamicMeshComponentVtxColor.uexp" 268
"../../../Engine/Plugins/Interchange/Runtime/Content/Pipelines/DefaultTexturePipeline.uasset" 269
"../../../Engine/Plugins/Interchange/Runtime/Content/Pipelines/DefaultTexturePipeline.uexp" 270
"../../../Engine/Plugins/Interchange/Runtime/Content/Pipelines/DefaultSceneLevelPipeline.uasset" 271
"../../../Engine/Plugins/Interchange/Runtime/Content/Pipelines/DefaultSceneLevelPipeline.uexp" 272
"../../../Engine/Plugins/Interchange/Runtime/Content/Pipelines/DefaultSceneAssetsPipeline.uasset" 273
"../../../Engine/Plugins/Interchange/Runtime/Content/Pipelines/DefaultSceneAssetsPipeline.uexp" 274
"../../../Engine/Plugins/Interchange/Runtime/Content/Pipelines/DefaultMaterialPipeline.uasset" 275
"../../../Engine/Plugins/Interchange/Runtime/Content/Pipelines/DefaultMaterialPipeline.uexp" 276
"../../../Engine/Plugins/Interchange/Runtime/Content/Pipelines/DefaultAssetsPipeline.uasset" 277
"../../../Engine/Plugins/Interchange/Runtime/Content/Pipelines/DefaultAssetsPipeline.uexp" 278
"../../../Engine/Plugins/Editor/SpeedTreeImporter/Content/SpeedTree9/game_wind_noise.ubulk" 279
"../../../Engine/Plugins/Editor/SpeedTreeImporter/Content/SpeedTree9/game_wind_noise.uasset" 280
"../../../Engine/Plugins/Editor/SpeedTreeImporter/Content/SpeedTree9/game_wind_noise.uexp" 281
"../../../Engine/Plugins/Editor/SpeedTreeImporter/Content/SpeedTree9/UnpackDirection.uasset" 282
"../../../Engine/Plugins/Editor/SpeedTreeImporter/Content/SpeedTree9/UnpackDirection.uexp" 283
"../../../Engine/Content/Functions/Engine_MaterialFunctions02/ObjectLocalBounds.uasset" 284
"../../../Engine/Content/Functions/Engine_MaterialFunctions02/ObjectLocalBounds.uexp" 285
"../../../Engine/Content/Functions/Engine_MaterialFunctions02/Utility/BreakOutFloat3Components.uasset" 286
"../../../Engine/Content/Functions/Engine_MaterialFunctions02/Utility/BreakOutFloat3Components.uexp" 287
"../../../Engine/Content/Functions/Engine_MaterialFunctions02/UVs/BoundingBoxBased_0-1_UVW.uasset" 288
"../../../Engine/Content/Functions/Engine_MaterialFunctions02/UVs/BoundingBoxBased_0-1_UVW.uexp" 289
"../../../Engine/Content/Functions/Engine_MaterialFunctions02/Utility/VectorLength.uasset" 290
"../../../Engine/Content/Functions/Engine_MaterialFunctions02/Utility/VectorLength.uexp" 291
"../../../Engine/Plugins/Editor/SpeedTreeImporter/Content/SpeedTree9/UnpackInteger3.uasset" 292
"../../../Engine/Plugins/Editor/SpeedTreeImporter/Content/SpeedTree9/UnpackInteger3.uexp" 293
"../../../Engine/Plugins/Editor/SpeedTreeImporter/Content/SpeedTree9/SpeedTreeCameraFacing.uasset" 294
"../../../Engine/Plugins/Editor/SpeedTreeImporter/Content/SpeedTree9/SpeedTreeCameraFacing.uexp" 295
"../../../Engine/Content/Functions/Engine_MaterialFunctions02/WorldPositionOffset/ObjectScale.uasset" 296
"../../../Engine/Content/Functions/Engine_MaterialFunctions02/WorldPositionOffset/ObjectScale.uexp" 297
"../../../Engine/Content/Functions/Engine_MaterialFunctions02/SafeNormalize.uasset" 298
"../../../Engine/Content/Functions/Engine_MaterialFunctions02/SafeNormalize.uexp" 299
"../../../Engine/Plugins/Editor/SpeedTreeImporter/Content/SpeedTree9/SpeedTreeWindMotion.uasset" 300
"../../../Engine/Plugins/Editor/SpeedTreeImporter/Content/SpeedTree9/SpeedTreeWindMotion.uexp" 301
"../../../Engine/Plugins/Editor/SpeedTreeImporter/Content/SpeedTree9/SpeedTreeBranchMotion.uasset" 302
"../../../Engine/Plugins/Editor/SpeedTreeImporter/Content/SpeedTree9/SpeedTreeBranchMotion.uexp" 303
"../../../Engine/Plugins/Editor/SpeedTreeImporter/Content/SpeedTree9/SpeedTreeWind.uasset" 304
"../../../Engine/Plugins/Editor/SpeedTreeImporter/Content/SpeedTree9/SpeedTreeWind.uexp" 305
"../../../Engine/Plugins/Editor/SpeedTreeImporter/Content/SpeedTree9/EmptyNormal.uasset" 306
"../../../Engine/Plugins/Editor/SpeedTreeImporter/Content/SpeedTree9/EmptyNormal.uexp" 307
"../../../Engine/Plugins/Editor/SpeedTreeImporter/Content/SpeedTree9/Empty.uasset" 308
"../../../Engine/Plugins/Editor/SpeedTreeImporter/Content/SpeedTree9/Empty.uexp" 309
"../../../Engine/Plugins/Editor/SpeedTreeImporter/Content/SpeedTree9/SpeedTreeMaster.uasset" 310
"../../../Engine/Plugins/Editor/SpeedTreeImporter/Content/SpeedTree9/SpeedTreeMaster.uexp" 311
"../../../Engine/Plugins/Editor/SpeedTreeImporter/Content/SpeedTree9/SpeedTreeBillboard.uasset" 312
"../../../Engine/Plugins/Editor/SpeedTreeImporter/Content/SpeedTree9/SpeedTreeBillboard.uexp" 313
"../../../Engine/Plugins/Editor/SpeedTreeImporter/Content/SpeedTree9/SpeedTreeBillboardMaster.uasset" 314
"../../../Engine/Plugins/Editor/SpeedTreeImporter/Content/SpeedTree9/SpeedTreeBillboardMaster.uexp" 315
"../../../Engine/Plugins/Animation/ControlRig/Content/Controls/DefaultGizmoLibraryNormalized.uasset" 316
"../../../Engine/Plugins/Animation/ControlRig/Content/Controls/DefaultGizmoLibraryNormalized.uexp" 317
"../../../Engine/Plugins/Animation/ControlRig/Content/Controls/ControlRig_Wedge_solid.ubulk" 318
"../../../Engine/Plugins/Animation/ControlRig/Content/Controls/ControlRig_Wedge_solid.uasset" 319
"../../../Engine/Plugins/Animation/ControlRig/Content/Controls/ControlRig_Wedge_solid.uexp" 320
"../../../Engine/Plugins/Animation/ControlRig/Content/Controls/ControlRig_Wedge_3mm.ubulk" 321
"../../../Engine/Plugins/Animation/ControlRig/Content/Controls/ControlRig_Wedge_3mm.uasset" 322
"../../../Engine/Plugins/Animation/ControlRig/Content/Controls/ControlRig_Wedge_3mm.uexp" 323
"../../../Engine/Plugins/Animation/ControlRig/Content/Controls/ControlRig_Wedge_1mm.ubulk" 324
"../../../Engine/Plugins/Animation/ControlRig/Content/Controls/ControlRig_Wedge_1mm.uasset" 325
"../../../Engine/Plugins/Animation/ControlRig/Content/Controls/ControlRig_Wedge_1mm.uexp" 326
"../../../Engine/Plugins/Animation/ControlRig/Content/Controls/ControlRig_Triangle_solid.ubulk" 327
"../../../Engine/Plugins/Animation/ControlRig/Content/Controls/ControlRig_Triangle_solid.uasset" 328
"../../../Engine/Plugins/Animation/ControlRig/Content/Controls/ControlRig_Triangle_solid.uexp" 329
"../../../Engine/Plugins/Animation/ControlRig/Content/Controls/ControlRig_Triangle_3mm.ubulk" 330
"../../../Engine/Plugins/Animation/ControlRig/Content/Controls/ControlRig_Triangle_3mm.uasset" 331
"../../../Engine/Plugins/Animation/ControlRig/Content/Controls/ControlRig_Triangle_3mm.uexp" 332
"../../../Engine/Plugins/Animation/ControlRig/Content/Controls/ControlRig_Triangle_1mm.ubulk" 333
"../../../Engine/Plugins/Animation/ControlRig/Content/Controls/ControlRig_Triangle_1mm.uasset" 334
"../../../Engine/Plugins/Animation/ControlRig/Content/Controls/ControlRig_Triangle_1mm.uexp" 335
"../../../Engine/Plugins/Animation/ControlRig/Content/Controls/ControlRig_Star4_solid.ubulk" 336
"../../../Engine/Plugins/Animation/ControlRig/Content/Controls/ControlRig_Star4_solid.uasset" 337
"../../../Engine/Plugins/Animation/ControlRig/Content/Controls/ControlRig_Star4_solid.uexp" 338
"../../../Engine/Plugins/Animation/ControlRig/Content/Controls/ControlRig_Star4_3mm.ubulk" 339
"../../../Engine/Plugins/Animation/ControlRig/Content/Controls/ControlRig_Star4_3mm.uasset" 340
"../../../Engine/Plugins/Animation/ControlRig/Content/Controls/ControlRig_Star4_3mm.uexp" 341
"../../../Engine/Plugins/Animation/ControlRig/Content/Controls/ControlRig_Star4_1mm.ubulk" 342
"../../../Engine/Plugins/Animation/ControlRig/Content/Controls/ControlRig_Star4_1mm.uasset" 343
"../../../Engine/Plugins/Animation/ControlRig/Content/Controls/ControlRig_Star4_1mm.uexp" 344
"../../../Engine/Plugins/Animation/ControlRig/Content/Controls/ControlRig_Square_solid.ubulk" 345
"../../../Engine/Plugins/Animation/ControlRig/Content/Controls/ControlRig_Square_solid.uasset" 346
"../../../Engine/Plugins/Animation/ControlRig/Content/Controls/ControlRig_Square_solid.uexp" 347
"../../../Engine/Plugins/Animation/ControlRig/Content/Controls/ControlRig_Square_3mm.ubulk" 348
"../../../Engine/Plugins/Animation/ControlRig/Content/Controls/ControlRig_Square_3mm.uasset" 349
"../../../Engine/Plugins/Animation/ControlRig/Content/Controls/ControlRig_Square_3mm.uexp" 350
"../../../Engine/Plugins/Animation/ControlRig/Content/Controls/ControlRig_Square_1mm.ubulk" 351
"../../../Engine/Plugins/Animation/ControlRig/Content/Controls/ControlRig_Square_1mm.uasset" 352
"../../../Engine/Plugins/Animation/ControlRig/Content/Controls/ControlRig_Square_1mm.uexp" 353
"../../../Engine/Plugins/Animation/ControlRig/Content/Controls/ControlRig_Sphere_solid.ubulk" 354
"../../../Engine/Plugins/Animation/ControlRig/Content/Controls/ControlRig_Sphere_solid.uasset" 355
"../../../Engine/Plugins/Animation/ControlRig/Content/Controls/ControlRig_Sphere_solid.uexp" 356
"../../../Engine/Plugins/Animation/ControlRig/Content/Controls/ControlRig_Sphere_3mm.ubulk" 357
"../../../Engine/Plugins/Animation/ControlRig/Content/Controls/ControlRig_Sphere_3mm.uasset" 358
"../../../Engine/Plugins/Animation/ControlRig/Content/Controls/ControlRig_Sphere_3mm.uexp" 359
"../../../Engine/Plugins/Animation/ControlRig/Content/Controls/ControlRig_Sphere_1mm.ubulk" 360
"../../../Engine/Plugins/Animation/ControlRig/Content/Controls/ControlRig_Sphere_1mm.uasset" 361
"../../../Engine/Plugins/Animation/ControlRig/Content/Controls/ControlRig_Sphere_1mm.uexp" 362
"../../../Engine/Plugins/Animation/ControlRig/Content/Controls/ControlRig_RoundedTriangle_solid.ubulk" 363
"../../../Engine/Plugins/Animation/ControlRig/Content/Controls/ControlRig_RoundedTriangle_solid.uasset" 364
"../../../Engine/Plugins/Animation/ControlRig/Content/Controls/ControlRig_RoundedTriangle_solid.uexp" 365
"../../../Engine/Plugins/Animation/ControlRig/Content/Controls/ControlRig_RoundedTriangle_3mm.ubulk" 366
"../../../Engine/Plugins/Animation/ControlRig/Content/Controls/ControlRig_RoundedTriangle_3mm.uasset" 367
"../../../Engine/Plugins/Animation/ControlRig/Content/Controls/ControlRig_RoundedTriangle_3mm.uexp" 368
"../../../Engine/Plugins/Animation/ControlRig/Content/Controls/ControlRig_RoundedTriangle_1mm.ubulk" 369
"../../../Engine/Plugins/Animation/ControlRig/Content/Controls/ControlRig_RoundedTriangle_1mm.uasset" 370
"../../../Engine/Plugins/Animation/ControlRig/Content/Controls/ControlRig_RoundedTriangle_1mm.uexp" 371
"../../../Engine/Plugins/Animation/ControlRig/Content/Controls/ControlRig_RoundedSquare_solid.ubulk" 372
"../../../Engine/Plugins/Animation/ControlRig/Content/Controls/ControlRig_RoundedSquare_solid.uasset" 373
"../../../Engine/Plugins/Animation/ControlRig/Content/Controls/ControlRig_RoundedSquare_solid.uexp" 374
"../../../Engine/Plugins/Animation/ControlRig/Content/Controls/ControlRig_RoundedSquare_3mm.ubulk" 375
"../../../Engine/Plugins/Animation/ControlRig/Content/Controls/ControlRig_RoundedSquare_3mm.uasset" 376
"../../../Engine/Plugins/Animation/ControlRig/Content/Controls/ControlRig_RoundedSquare_3mm.uexp" 377
"../../../Engine/Plugins/Animation/ControlRig/Content/Controls/ControlRig_RoundedSquare_1mm.ubulk" 378
"../../../Engine/Plugins/Animation/ControlRig/Content/Controls/ControlRig_RoundedSquare_1mm.uasset" 379
"../../../Engine/Plugins/Animation/ControlRig/Content/Controls/ControlRig_RoundedSquare_1mm.uexp" 380
"../../../Engine/Plugins/Animation/ControlRig/Content/Controls/ControlRig_QuarterCircle_solid.ubulk" 381
"../../../Engine/Plugins/Animation/ControlRig/Content/Controls/ControlRig_QuarterCircle_solid.uasset" 382
"../../../Engine/Plugins/Animation/ControlRig/Content/Controls/ControlRig_QuarterCircle_solid.uexp" 383
"../../../Engine/Plugins/Animation/ControlRig/Content/Controls/ControlRig_QuarterCircle_3mm.ubulk" 384
"../../../Engine/Plugins/Animation/ControlRig/Content/Controls/ControlRig_QuarterCircle_3mm.uasset" 385
"../../../Engine/Plugins/Animation/ControlRig/Content/Controls/ControlRig_QuarterCircle_3mm.uexp" 386
"../../../Engine/Plugins/Animation/ControlRig/Content/Controls/ControlRig_QuarterCircle_1mm.ubulk" 387
"../../../Engine/Plugins/Animation/ControlRig/Content/Controls/ControlRig_QuarterCircle_1mm.uasset" 388
"../../../Engine/Plugins/Animation/ControlRig/Content/Controls/ControlRig_QuarterCircle_1mm.uexp" 389
"../../../Engine/Plugins/Animation/ControlRig/Content/Controls/ControlRig_Pyramid_solid.ubulk" 390
"../../../Engine/Plugins/Animation/ControlRig/Content/Controls/ControlRig_Pyramid_solid.uasset" 391
"../../../Engine/Plugins/Animation/ControlRig/Content/Controls/ControlRig_Pyramid_solid.uexp" 392
"../../../Engine/Plugins/Animation/ControlRig/Content/Controls/ControlRig_Pyramid_3mm.ubulk" 393
"../../../Engine/Plugins/Animation/ControlRig/Content/Controls/ControlRig_Pyramid_3mm.uasset" 394
"../../../Engine/Plugins/Animation/ControlRig/Content/Controls/ControlRig_Pyramid_3mm.uexp" 395
"../../../Engine/Plugins/Animation/ControlRig/Content/Controls/ControlRig_Pyramid_1mm.ubulk" 396
"../../../Engine/Plugins/Animation/ControlRig/Content/Controls/ControlRig_Pyramid_1mm.uasset" 397
"../../../Engine/Plugins/Animation/ControlRig/Content/Controls/ControlRig_Pyramid_1mm.uexp" 398
"../../../Engine/Plugins/Animation/ControlRig/Content/Controls/ControlRig_Octagon_solid.ubulk" 399
"../../../Engine/Plugins/Animation/ControlRig/Content/Controls/ControlRig_Octagon_solid.uasset" 400
"../../../Engine/Plugins/Animation/ControlRig/Content/Controls/ControlRig_Octagon_solid.uexp" 401
"../../../Engine/Plugins/Animation/ControlRig/Content/Controls/ControlRig_Octagon_3mm.ubulk" 402
"../../../Engine/Plugins/Animation/ControlRig/Content/Controls/ControlRig_Octagon_3mm.uasset" 403
"../../../Engine/Plugins/Animation/ControlRig/Content/Controls/ControlRig_Octagon_3mm.uexp" 404
"../../../Engine/Plugins/Animation/ControlRig/Content/Controls/ControlRig_Octagon_1mm.ubulk" 405
"../../../Engine/Plugins/Animation/ControlRig/Content/Controls/ControlRig_Octagon_1mm.uasset" 406
"../../../Engine/Plugins/Animation/ControlRig/Content/Controls/ControlRig_Octagon_1mm.uexp" 407
"../../../Engine/Plugins/Animation/ControlRig/Content/Controls/ControlRig_Hexagon_solid.ubulk" 408
"../../../Engine/Plugins/Animation/ControlRig/Content/Controls/ControlRig_Hexagon_solid.uasset" 409
"../../../Engine/Plugins/Animation/ControlRig/Content/Controls/ControlRig_Hexagon_solid.uexp" 410
"../../../Engine/Plugins/Animation/ControlRig/Content/Controls/ControlRig_Hexagon_3mm.ubulk" 411
"../../../Engine/Plugins/Animation/ControlRig/Content/Controls/ControlRig_Hexagon_3mm.uasset" 412
"../../../Engine/Plugins/Animation/ControlRig/Content/Controls/ControlRig_Hexagon_3mm.uexp" 413
"../../../Engine/Plugins/Animation/ControlRig/Content/Controls/ControlRig_Hexagon_1mm.ubulk" 414
"../../../Engine/Plugins/Animation/ControlRig/Content/Controls/ControlRig_Hexagon_1mm.uasset" 415
"../../../Engine/Plugins/Animation/ControlRig/Content/Controls/ControlRig_Hexagon_1mm.uexp" 416
"../../../Engine/Plugins/Animation/ControlRig/Content/Controls/ControlRig_HalfCircle_solid.ubulk" 417
"../../../Engine/Plugins/Animation/ControlRig/Content/Controls/ControlRig_HalfCircle_solid.uasset" 418
"../../../Engine/Plugins/Animation/ControlRig/Content/Controls/ControlRig_HalfCircle_solid.uexp" 419
"../../../Engine/Plugins/Animation/ControlRig/Content/Controls/ControlRig_HalfCircle_3mm.ubulk" 420
"../../../Engine/Plugins/Animation/ControlRig/Content/Controls/ControlRig_HalfCircle_3mm.uasset" 421
"../../../Engine/Plugins/Animation/ControlRig/Content/Controls/ControlRig_HalfCircle_3mm.uexp" 422
"../../../Engine/Plugins/Animation/ControlRig/Content/Controls/ControlRig_HalfCircle_1mm.ubulk" 423
"../../../Engine/Plugins/Animation/ControlRig/Content/Controls/ControlRig_HalfCircle_1mm.uasset" 424
"../../../Engine/Plugins/Animation/ControlRig/Content/Controls/ControlRig_HalfCircle_1mm.uexp" 425
"../../../Engine/Plugins/Animation/ControlRig/Content/Controls/ControlRig_Diamond_solid.ubulk" 426
"../../../Engine/Plugins/Animation/ControlRig/Content/Controls/ControlRig_Diamond_solid.uasset" 427
"../../../Engine/Plugins/Animation/ControlRig/Content/Controls/ControlRig_Diamond_solid.uexp" 428
"../../../Engine/Plugins/Animation/ControlRig/Content/Controls/ControlRig_Diamond_3mm.ubulk" 429
"../../../Engine/Plugins/Animation/ControlRig/Content/Controls/ControlRig_Diamond_3mm.uasset" 430
"../../../Engine/Plugins/Animation/ControlRig/Content/Controls/ControlRig_Diamond_3mm.uexp" 431
"../../../Engine/Plugins/Animation/ControlRig/Content/Controls/ControlRig_Diamond_1mm.ubulk" 432
"../../../Engine/Plugins/Animation/ControlRig/Content/Controls/ControlRig_Diamond_1mm.uasset" 433
"../../../Engine/Plugins/Animation/ControlRig/Content/Controls/ControlRig_Diamond_1mm.uexp" 434
"../../../Engine/Plugins/Animation/ControlRig/Content/Controls/ControlRig_Circle_solid.ubulk" 435
"../../../Engine/Plugins/Animation/ControlRig/Content/Controls/ControlRig_Circle_solid.uasset" 436
"../../../Engine/Plugins/Animation/ControlRig/Content/Controls/ControlRig_Circle_solid.uexp" 437
"../../../Engine/Plugins/Animation/ControlRig/Content/Controls/ControlRig_Circle_3mm.ubulk" 438
"../../../Engine/Plugins/Animation/ControlRig/Content/Controls/ControlRig_Circle_3mm.uasset" 439
"../../../Engine/Plugins/Animation/ControlRig/Content/Controls/ControlRig_Circle_3mm.uexp" 440
"../../../Engine/Plugins/Animation/ControlRig/Content/Controls/ControlRig_Circle_1mm.ubulk" 441
"../../../Engine/Plugins/Animation/ControlRig/Content/Controls/ControlRig_Circle_1mm.uasset" 442
"../../../Engine/Plugins/Animation/ControlRig/Content/Controls/ControlRig_Circle_1mm.uexp" 443
"../../../Engine/Plugins/Animation/ControlRig/Content/Controls/ControlRig_Box_solid.ubulk" 444
"../../../Engine/Plugins/Animation/ControlRig/Content/Controls/ControlRig_Box_solid.uasset" 445
"../../../Engine/Plugins/Animation/ControlRig/Content/Controls/ControlRig_Box_solid.uexp" 446
"../../../Engine/Plugins/Animation/ControlRig/Content/Controls/ControlRig_Box_3mm.ubulk" 447
"../../../Engine/Plugins/Animation/ControlRig/Content/Controls/ControlRig_Box_3mm.uasset" 448
"../../../Engine/Plugins/Animation/ControlRig/Content/Controls/ControlRig_Box_3mm.uexp" 449
"../../../Engine/Plugins/Animation/ControlRig/Content/Controls/ControlRig_Box_1mm.ubulk" 450
"../../../Engine/Plugins/Animation/ControlRig/Content/Controls/ControlRig_Box_1mm.uasset" 451
"../../../Engine/Plugins/Animation/ControlRig/Content/Controls/ControlRig_Box_1mm.uexp" 452
"../../../Engine/Plugins/Animation/ControlRig/Content/Controls/ControlRig_Arrow_solid.ubulk" 453
"../../../Engine/Plugins/Animation/ControlRig/Content/Controls/ControlRig_Arrow_solid.uasset" 454
"../../../Engine/Plugins/Animation/ControlRig/Content/Controls/ControlRig_Arrow_solid.uexp" 455
"../../../Engine/Plugins/Animation/ControlRig/Content/Controls/ControlRig_Arrow_3mm.ubulk" 456
"../../../Engine/Plugins/Animation/ControlRig/Content/Controls/ControlRig_Arrow_3mm.uasset" 457
"../../../Engine/Plugins/Animation/ControlRig/Content/Controls/ControlRig_Arrow_3mm.uexp" 458
"../../../Engine/Plugins/Animation/ControlRig/Content/Controls/ControlRig_Arrow_1mm.ubulk" 459
"../../../Engine/Plugins/Animation/ControlRig/Content/Controls/ControlRig_Arrow_1mm.uasset" 460
"../../../Engine/Plugins/Animation/ControlRig/Content/Controls/ControlRig_Arrow_1mm.uexp" 461
"../../../Engine/Plugins/Animation/ControlRig/Content/Controls/ControlRig_Arrow4_solid.ubulk" 462
"../../../Engine/Plugins/Animation/ControlRig/Content/Controls/ControlRig_Arrow4_solid.uasset" 463
"../../../Engine/Plugins/Animation/ControlRig/Content/Controls/ControlRig_Arrow4_solid.uexp" 464
"../../../Engine/Plugins/Animation/ControlRig/Content/Controls/ControlRig_Arrow4_3mm.ubulk" 465
"../../../Engine/Plugins/Animation/ControlRig/Content/Controls/ControlRig_Arrow4_3mm.uasset" 466
"../../../Engine/Plugins/Animation/ControlRig/Content/Controls/ControlRig_Arrow4_3mm.uexp" 467
"../../../Engine/Plugins/Animation/ControlRig/Content/Controls/ControlRig_Arrow4_1mm.ubulk" 468
"../../../Engine/Plugins/Animation/ControlRig/Content/Controls/ControlRig_Arrow4_1mm.uasset" 469
"../../../Engine/Plugins/Animation/ControlRig/Content/Controls/ControlRig_Arrow4_1mm.uexp" 470
"../../../Engine/Plugins/Animation/ControlRig/Content/Controls/ControlRig_Arrow2_solid.ubulk" 471
"../../../Engine/Plugins/Animation/ControlRig/Content/Controls/ControlRig_Arrow2_solid.uasset" 472
"../../../Engine/Plugins/Animation/ControlRig/Content/Controls/ControlRig_Arrow2_solid.uexp" 473
"../../../Engine/Plugins/Animation/ControlRig/Content/Controls/ControlRig_Arrow2_3mm.ubulk" 474
"../../../Engine/Plugins/Animation/ControlRig/Content/Controls/ControlRig_Arrow2_3mm.uasset" 475
"../../../Engine/Plugins/Animation/ControlRig/Content/Controls/ControlRig_Arrow2_3mm.uexp" 476
"../../../Engine/Plugins/Animation/ControlRig/Content/Controls/ControlRig_Arrow2_1mm.ubulk" 477
"../../../Engine/Plugins/Animation/ControlRig/Content/Controls/ControlRig_Arrow2_1mm.uasset" 478
"../../../Engine/Plugins/Animation/ControlRig/Content/Controls/ControlRig_Arrow2_1mm.uexp" 479
"../../../Engine/Plugins/Animation/ControlRig/Content/Controls/ControlRigXRayMaterial.uasset" 480
"../../../Engine/Plugins/Animation/ControlRig/Content/Controls/ControlRigXRayMaterial.uexp" 481
"../../../Engine/Plugins/Animation/ControlRig/Content/Controls/ControlRigGizmoMaterial.uasset" 482
"../../../Engine/Plugins/Animation/ControlRig/Content/Controls/ControlRigGizmoMaterial.uexp" 483
"../../../Engine/Content/EngineSounds/Master.uasset" 484
"../../../Engine/Content/EngineSounds/Master.uexp" 485
"../../../Engine/Content/EngineResources/WhiteSquareTexture.uasset" 486
"../../../Engine/Content/EngineResources/WhiteSquareTexture.uexp" 487
"../../../Engine/Content/EngineMaterials/Widget3DPassThrough.uasset" 488
"../../../Engine/Content/EngineMaterials/Widget3DPassThrough.uexp" 489
"../../../Engine/Content/EngineMaterials/Widget3DPassThrough_Translucent.uasset" 490
"../../../Engine/Content/EngineMaterials/Widget3DPassThrough_Translucent.uexp" 491
"../../../Engine/Content/EngineMaterials/Widget3DPassThrough_Translucent_OneSided.uasset" 492
"../../../Engine/Content/EngineMaterials/Widget3DPassThrough_Translucent_OneSided.uexp" 493
"../../../Engine/Content/EngineMaterials/Widget3DPassThrough_Opaque.uasset" 494
"../../../Engine/Content/EngineMaterials/Widget3DPassThrough_Opaque.uexp" 495
"../../../Engine/Content/EngineMaterials/Widget3DPassThrough_Opaque_OneSided.uasset" 496
"../../../Engine/Content/EngineMaterials/Widget3DPassThrough_Opaque_OneSided.uexp" 497
"../../../Engine/Content/EngineMaterials/Widget3DPassThrough_Masked_OneSided.uasset" 498
"../../../Engine/Content/EngineMaterials/Widget3DPassThrough_Masked_OneSided.uexp" 499
"../../../Engine/Content/EngineMaterials/Widget3DPassThrough_Masked.uasset" 500
"../../../Engine/Content/EngineMaterials/Widget3DPassThrough_Masked.uexp" 501
"../../../Engine/Content/EngineMaterials/STBlueNoise_vec2_128x128x64.uasset" 502
"../../../Engine/Content/EngineMaterials/STBlueNoise_vec2_128x128x64.uexp" 503
"../../../Engine/Content/EngineMaterials/STBlueNoise_scalar_128x128x64.uasset" 504
"../../../Engine/Content/EngineMaterials/STBlueNoise_scalar_128x128x64.uexp" 505
"../../../Engine/Content/EngineMaterials/RemoveSurfaceMaterial.uasset" 506
"../../../Engine/Content/EngineMaterials/RemoveSurfaceMaterial.uexp" 507
"../../../Engine/Content/EngineMaterials/DefaultCalibrationGrayscale.uasset" 508
"../../../Engine/Content/EngineMaterials/DefaultCalibrationGrayscale.uexp" 509
"../../../Engine/Content/EngineMaterials/PPM_DefaultCalibrationGrayscale.uasset" 510
"../../../Engine/Content/EngineMaterials/PPM_DefaultCalibrationGrayscale.uexp" 511
"../../../Engine/Content/EngineMaterials/DefaultCalibrationColor.uasset" 512
"../../../Engine/Content/EngineMaterials/DefaultCalibrationColor.uexp" 513
"../../../Engine/Content/EngineMaterials/PPM_DefaultCalibrationColor.uasset" 514
"../../../Engine/Content/EngineMaterials/PPM_DefaultCalibrationColor.uexp" 515
"../../../Engine/Content/EngineMaterials/PhAT_JointLimitMaterial.uasset" 516
"../../../Engine/Content/EngineMaterials/PhAT_JointLimitMaterial.uexp" 517
"../../../Engine/Content/EngineMaterials/NaniteHiddenSectionMaterial.uasset" 518
"../../../Engine/Content/EngineMaterials/NaniteHiddenSectionMaterial.uexp" 519
"../../../Engine/Content/EngineMaterials/InvalidLightmapSettings.ubulk" 520
"../../../Engine/Content/EngineMaterials/InvalidLightmapSettings.uasset" 521
"../../../Engine/Content/EngineMaterials/InvalidLightmapSettings.uexp" 522
"../../../Engine/Content/EngineMaterials/M_InvalidLightmapSettings.uasset" 523
"../../../Engine/Content/EngineMaterials/M_InvalidLightmapSettings.uexp" 524
"../../../Engine/Content/EngineMaterials/GizmoMaterial.uasset" 525
"../../../Engine/Content/EngineMaterials/GizmoMaterial.uexp" 526
"../../../Engine/Content/EngineMaterials/BaseFlattenEmissiveMap_VT.uasset" 527
"../../../Engine/Content/EngineMaterials/BaseFlattenEmissiveMap_VT.uexp" 528
"../../../Engine/Content/EngineMaterials/BaseFlattenGrayscaleMap_VT.uasset" 529
"../../../Engine/Content/EngineMaterials/BaseFlattenGrayscaleMap_VT.uexp" 530
"../../../Engine/Content/EngineMaterials/BaseFlattenLinearColor_VT.uasset" 531
"../../../Engine/Content/EngineMaterials/BaseFlattenLinearColor_VT.uexp" 532
"../../../Engine/Content/EngineMaterials/Black_1x1_EXR_Texture_VT.uasset" 533
"../../../Engine/Content/EngineMaterials/Black_1x1_EXR_Texture_VT.uexp" 534
"../../../Engine/Content/EngineMaterials/BaseFlattenDiffuseMap_VT.uasset" 535
"../../../Engine/Content/EngineMaterials/BaseFlattenDiffuseMap_VT.uexp" 536
"../../../Engine/Content/EngineMaterials/BaseFlattenNormalMap_VT.uasset" 537
"../../../Engine/Content/EngineMaterials/BaseFlattenNormalMap_VT.uexp" 538
"../../../Engine/Content/EngineMaterials/FlattenMaterial_WS_Normal_VT.uasset" 539
"../../../Engine/Content/EngineMaterials/FlattenMaterial_WS_Normal_VT.uexp" 540
"../../../Engine/Content/EngineMaterials/FlattenMaterial_VT.uasset" 541
"../../../Engine/Content/EngineMaterials/FlattenMaterial_VT.uexp" 542
"../../../Engine/Content/EngineMaterials/BaseFlattenNormalMap.uasset" 543
"../../../Engine/Content/EngineMaterials/BaseFlattenNormalMap.uexp" 544
"../../../Engine/Content/EngineMaterials/BaseFlattenGrayscaleMap.uasset" 545
"../../../Engine/Content/EngineMaterials/BaseFlattenGrayscaleMap.uexp" 546
"../../../Engine/Content/EngineMaterials/BaseFlattenDiffuseMap.uasset" 547
"../../../Engine/Content/EngineMaterials/BaseFlattenDiffuseMap.uexp" 548
"../../../Engine/Content/Functions/Engine_MaterialFunctions02/PivotPainter2/Black_1x1_EXR_Texture.uasset" 549
"../../../Engine/Content/Functions/Engine_MaterialFunctions02/PivotPainter2/Black_1x1_EXR_Texture.uexp" 550
"../../../Engine/Content/EngineMaterials/BaseFlattenEmissiveMap.uasset" 551
"../../../Engine/Content/EngineMaterials/BaseFlattenEmissiveMap.uexp" 552
"../../../Engine/Content/EngineMaterials/BaseFlattenLinearColor.uasset" 553
"../../../Engine/Content/EngineMaterials/BaseFlattenLinearColor.uexp" 554
"../../../Engine/Content/EngineMaterials/FlattenMaterial.uasset" 555
"../../../Engine/Content/EngineMaterials/FlattenMaterial.uexp" 556
"../../../Engine/Content/EngineMaterials/DefaultWhiteGrid_Low.uasset" 557
"../../../Engine/Content/EngineMaterials/DefaultWhiteGrid_Low.uexp" 558
"../../../Engine/Content/EngineMaterials/EmissiveMeshMaterial.uasset" 559
"../../../Engine/Content/EngineMaterials/EmissiveMeshMaterial.uexp" 560
"../../../Engine/Content/EngineFonts/RobotoDistanceField.uasset" 561
"../../../Engine/Content/EngineFonts/RobotoDistanceField.uexp" 562
"../../../Engine/Content/EngineMaterials/DefaultTextMaterialOpaque.uasset" 563
"../../../Engine/Content/EngineMaterials/DefaultTextMaterialOpaque.uexp" 564
"../../../Engine/Content/EngineMaterials/DefaultDiffuse.ubulk" 565
"../../../Engine/Content/EngineMaterials/DefaultDiffuse.uasset" 566
"../../../Engine/Content/EngineMaterials/DefaultDiffuse.uexp" 567
"../../../Engine/Content/Functions/Engine_MaterialFunctions02/Utility/BreakOutFloat2Components.uasset" 568
"../../../Engine/Content/Functions/Engine_MaterialFunctions02/Utility/BreakOutFloat2Components.uexp" 569
"../../../Engine/Content/EngineMaterials/DefaultPostProcessMaterial.uasset" 570
"../../../Engine/Content/EngineMaterials/DefaultPostProcessMaterial.uexp" 571
"../../../Engine/Content/EngineMaterials/DefaultPhysicalMaterial.uasset" 572
"../../../Engine/Content/EngineMaterials/DefaultPhysicalMaterial.uexp" 573
"../../../Engine/Content/EngineMaterials/DefaultLightFunctionMaterial.uasset" 574
"../../../Engine/Content/EngineMaterials/DefaultLightFunctionMaterial.uexp" 575
"../../../Engine/Content/EngineMaterials/DefaultDestructiblePhysicalMaterial.uasset" 576
"../../../Engine/Content/EngineMaterials/DefaultDestructiblePhysicalMaterial.uexp" 577
"../../../Engine/Content/EngineMaterials/DefaultDeferredDecalMaterial.uasset" 578
"../../../Engine/Content/EngineMaterials/DefaultDeferredDecalMaterial.uexp" 579
"../../../Engine/Content/EngineMaterials/DefaultBloomKernel.uasset" 580
"../../../Engine/Content/EngineMaterials/DefaultBloomKernel.uexp" 581
"../../../Engine/Content/EngineFonts/Faces/RobotoLight.uexp" 582
"../../../Engine/Content/EngineFonts/Faces/RobotoLight.uasset" 583
"../../../Engine/Content/EngineFonts/Faces/RobotoLight.ufont" 584
"../../../Engine/Content/EngineFonts/Faces/RobotoBold.uexp" 585
"../../../Engine/Content/EngineFonts/Faces/RobotoBold.uasset" 586
"../../../Engine/Content/EngineFonts/Faces/RobotoBold.ufont" 587
"../../../Engine/Content/EngineFonts/Faces/RobotoRegular.uexp" 588
"../../../Engine/Content/EngineFonts/Faces/RobotoRegular.uasset" 589
"../../../Engine/Content/EngineFonts/Faces/RobotoRegular.ufont" 590
"../../../Engine/Content/EngineFonts/Faces/DroidSansFallback.uexp" 591
"../../../Engine/Content/EngineFonts/Faces/DroidSansFallback.uasset" 592
"../../../Engine/Content/EngineFonts/Faces/DroidSansFallback.ufont" 593
"../../../Engine/Content/EngineFonts/Faces/RobotoItalic.uexp" 594
"../../../Engine/Content/EngineFonts/Faces/RobotoItalic.uasset" 595
"../../../Engine/Content/EngineFonts/Faces/RobotoItalic.ufont" 596
"../../../Engine/Content/EngineFonts/Faces/RobotoBoldItalic.uexp" 597
"../../../Engine/Content/EngineFonts/Faces/RobotoBoldItalic.uasset" 598
"../../../Engine/Content/EngineFonts/Faces/RobotoBoldItalic.ufont" 599
"../../../Engine/Content/EngineFonts/Roboto.uasset" 600
"../../../Engine/Content/EngineFonts/Roboto.uexp" 601
"../../../Engine/Content/Functions/Engine_MaterialFunctions02/Utility/CameraDirectionVector.uasset" 602
"../../../Engine/Content/Functions/Engine_MaterialFunctions02/Utility/CameraDirectionVector.uexp" 603
"../../../Engine/Content/EngineDebugMaterials/VolumeToRender.uasset" 604
"../../../Engine/Content/EngineDebugMaterials/VolumeToRender.uexp" 605
"../../../Engine/Content/EngineDebugMaterials/M_VolumeRenderSphereTracePP.uasset" 606
"../../../Engine/Content/EngineDebugMaterials/M_VolumeRenderSphereTracePP.uexp" 607
"../../../Engine/Content/EngineDebugMaterials/M_SimpleUnlitTranslucent.uasset" 608
"../../../Engine/Content/EngineDebugMaterials/M_SimpleUnlitTranslucent.uexp" 609
"../../../Engine/Content/EngineDebugMaterials/DebugMeshMaterial.uasset" 610
"../../../Engine/Content/EngineDebugMaterials/DebugMeshMaterial.uexp" 611
"../../../Engine/Content/EngineDebugMaterials/DebugEditorMaterial.uasset" 612
"../../../Engine/Content/EngineDebugMaterials/DebugEditorMaterial.uexp" 613
"../../../Engine/Content/EngineDamageTypes/DmgTypeBP_Environmental.uasset" 614
"../../../Engine/Content/EngineDamageTypes/DmgTypeBP_Environmental.uexp" 615
"../../../Engine/Content/EditorResources/S_Terrain.ubulk" 616
"../../../Engine/Content/EditorResources/S_Terrain.uasset" 617
"../../../Engine/Content/EditorResources/S_Terrain.uexp" 618
"../../../Engine/Content/EditorResources/EmptyActor.uasset" 619
"../../../Engine/Content/EditorResources/EmptyActor.uexp" 620
"../../../Engine/Content/EditorResources/BSPVertex.uasset" 621
"../../../Engine/Content/EditorResources/BSPVertex.uexp" 622
"../../../Engine/Content/EditorMaterials/PreviewShadowIndicator.ubulk" 623
"../../../Engine/Content/EditorMaterials/PreviewShadowIndicator.uasset" 624
"../../../Engine/Content/EditorMaterials/PreviewShadowIndicator.uexp" 625
"../../../Engine/Content/EditorMaterials/PreviewShadowIndicatorMaterial.uasset" 626
"../../../Engine/Content/EditorMaterials/PreviewShadowIndicatorMaterial.uexp" 627
"../../../Engine/Content/EditorMaterials/PhAT_UnselectedMaterial.uasset" 628
"../../../Engine/Content/EditorMaterials/PhAT_UnselectedMaterial.uexp" 629
"../../../Engine/Content/EditorMaterials/PhAT_NoCollisionMaterial.uasset" 630
"../../../Engine/Content/EditorMaterials/PhAT_NoCollisionMaterial.uexp" 631
"../../../Engine/Content/EditorLandscapeResources/DefaultAlphaTexture.uasset" 632
"../../../Engine/Content/EditorLandscapeResources/DefaultAlphaTexture.uexp" 633
"../../../Engine/Content/EditorLandscapeResources/DataLayer.uasset" 634
"../../../Engine/Content/EditorLandscapeResources/DataLayer.uexp" 635
"../../../Engine/Content/EngineMaterials/DefaultMaterial.uasset" 636
"../../../Engine/Content/EngineMaterials/DefaultMaterial.uexp" 637
"../../../Engine/Content/BasicShapes/Sphere.ubulk" 638
"../../../Engine/Content/BasicShapes/Sphere.uasset" 639
"../../../Engine/Content/BasicShapes/Sphere.uexp" 640
"../../../Engine/Content/BasicShapes/Plane.ubulk" 641
"../../../Engine/Content/BasicShapes/Plane.uasset" 642
"../../../Engine/Content/BasicShapes/Plane.uexp" 643
"../../../Engine/Content/BasicShapes/Cylinder.ubulk" 644
"../../../Engine/Content/BasicShapes/Cylinder.uasset" 645
"../../../Engine/Content/BasicShapes/Cylinder.uexp" 646
"../../../Engine/Content/BasicShapes/Cube.ubulk" 647
"../../../Engine/Content/BasicShapes/Cube.uasset" 648
"../../../Engine/Content/BasicShapes/Cube.uexp" 649
"../../../Engine/Content/BasicShapes/Cone.ubulk" 650
"../../../Engine/Content/BasicShapes/Cone.uasset" 651
"../../../Engine/Content/BasicShapes/Cone.uexp" 652
"../../../Engine/Content/Animation/DefaultRecorderBoneCompression.uasset" 653
"../../../Engine/Content/Animation/DefaultRecorderBoneCompression.uexp" 654
"../../../Engine/Content/Animation/DefaultAnimCurveCompressionSettings.uasset" 655
"../../../Engine/Content/Animation/DefaultAnimCurveCompressionSettings.uexp" 656
"../../../Engine/Content/Animation/DefaultAnimBoneCompressionSettings.uasset" 657
"../../../Engine/Content/Animation/DefaultAnimBoneCompressionSettings.uexp" 658
"../../../Engine/Content/MobileResources/HUD/VirtualJoystick_Background.uasset" 659
"../../../Engine/Content/MobileResources/HUD/VirtualJoystick_Background.uexp" 660
"../../../Engine/Content/MobileResources/HUD/VirtualJoystick_Thumb.uasset" 661
"../../../Engine/Content/MobileResources/HUD/VirtualJoystick_Thumb.uexp" 662
"../../../Engine/Content/MobileResources/HUD/DefaultVirtualJoysticks.uasset" 663
"../../../Engine/Content/MobileResources/HUD/DefaultVirtualJoysticks.uexp" 664
"../../../Engine/Content/EngineSky/VolumetricClouds/CloudWeatherTexture.uasset" 665
"../../../Engine/Content/EngineSky/VolumetricClouds/CloudWeatherTexture.uexp" 666
"../../../Engine/Content/Functions/Engine_MaterialFunctions02/Utility/MakeFloat2.uasset" 667
"../../../Engine/Content/Functions/Engine_MaterialFunctions02/Utility/MakeFloat2.uexp" 668
"../../../Engine/Content/EngineSky/VolumetricClouds/CloudGradientTexture.uasset" 669
"../../../Engine/Content/EngineSky/VolumetricClouds/CloudGradientTexture.uexp" 670
"../../../Engine/Content/EngineSky/VolumetricClouds/T_NoiseShape64.ubulk" 671
"../../../Engine/Content/EngineSky/VolumetricClouds/T_NoiseShape64.uasset" 672
"../../../Engine/Content/EngineSky/VolumetricClouds/T_NoiseShape64.uexp" 673
"../../../Engine/Content/EngineSky/VolumetricClouds/T_VolumeNoiseShape64.uasset" 674
"../../../Engine/Content/EngineSky/VolumetricClouds/T_VolumeNoiseShape64.uexp" 675
"../../../Engine/Content/EngineSky/VolumetricClouds/T_NoiseErosion.ubulk" 676
"../../../Engine/Content/EngineSky/VolumetricClouds/T_NoiseErosion.uasset" 677
"../../../Engine/Content/EngineSky/VolumetricClouds/T_NoiseErosion.uexp" 678
"../../../Engine/Content/EngineSky/VolumetricClouds/T_VolumeNoiseErosion32.uasset" 679
"../../../Engine/Content/EngineSky/VolumetricClouds/T_VolumeNoiseErosion32.uexp" 680
"../../../Engine/Content/EngineSky/VolumetricClouds/m_SimpleVolumetricCloud.uasset" 681
"../../../Engine/Content/EngineSky/VolumetricClouds/m_SimpleVolumetricCloud.uexp" 682
"../../../Engine/Content/EngineSky/VolumetricClouds/m_SimpleVolumetricCloud_Inst.uasset" 683
"../../../Engine/Content/EngineSky/VolumetricClouds/m_SimpleVolumetricCloud_Inst.uexp" 684
"../../../Engine/Content/EngineResources/FilmGrains/Marcie_Grain_v3_128_M2_000.uasset" 685
"../../../Engine/Content/EngineResources/FilmGrains/Marcie_Grain_v3_128_M2_000.uexp" 686
"../../../Engine/Content/EditorResources/SequenceRecorder/RecordingIndicator.uasset" 687
"../../../Engine/Content/EditorResources/SequenceRecorder/RecordingIndicator.uexp" 688
"../../../Engine/Content/EditorResources/SequenceRecorder/Countdown.uasset" 689
"../../../Engine/Content/EditorResources/SequenceRecorder/Countdown.uexp" 690
"../../../Engine/Content/Functions/Engine_MaterialFunctions01/Shading/PowerToRoughness.uasset" 691
"../../../Engine/Content/Functions/Engine_MaterialFunctions01/Shading/PowerToRoughness.uexp" 692
"../../../Engine/Content/Functions/Engine_MaterialFunctions01/Shading/ConvertFromDiffSpec.uasset" 693
"../../../Engine/Content/Functions/Engine_MaterialFunctions01/Shading/ConvertFromDiffSpec.uexp" 694
"C:/Users/milos/Documents/Unreal Projects/Game/Content/Sprites/Super_Grotto_Escape_Files/Environment/Layers/middle.uasset" 695
"C:/Users/milos/Documents/Unreal Projects/Game/Content/Sprites/Super_Grotto_Escape_Files/Environment/Layers/middle.uexp" 696
"C:/Users/milos/Documents/Unreal Projects/Game/Content/Sprites/Super_Grotto_Escape_Files/Environment/Layers/far.uasset" 697
"C:/Users/milos/Documents/Unreal Projects/Game/Content/Sprites/Super_Grotto_Escape_Files/Environment/Layers/far.uexp" 698
"C:/Users/milos/Documents/Unreal Projects/Game/Content/Sprites/Super_Grotto_Escape_Files/Characters/Player/sprites/Player-shoot/player-shoot3.uasset" 699
"C:/Users/milos/Documents/Unreal Projects/Game/Content/Sprites/Super_Grotto_Escape_Files/Characters/Player/sprites/Player-shoot/player-shoot3.uexp" 700
"C:/Users/milos/Documents/Unreal Projects/Game/Content/Sprites/Super_Grotto_Escape_Files/Characters/Player/sprites/Player-shoot/player-shoot3_Sprite.uasset" 701
"C:/Users/milos/Documents/Unreal Projects/Game/Content/Sprites/Super_Grotto_Escape_Files/Characters/Player/sprites/Player-shoot/player-shoot3_Sprite.uexp" 702
"C:/Users/milos/Documents/Unreal Projects/Game/Content/Sprites/Super_Grotto_Escape_Files/Characters/Player/sprites/Player-shoot/player-shoot2.uasset" 703
"C:/Users/milos/Documents/Unreal Projects/Game/Content/Sprites/Super_Grotto_Escape_Files/Characters/Player/sprites/Player-shoot/player-shoot2.uexp" 704
"C:/Users/milos/Documents/Unreal Projects/Game/Content/Sprites/Super_Grotto_Escape_Files/Characters/Player/sprites/Player-shoot/player-shoot2_Sprite.uasset" 705
"C:/Users/milos/Documents/Unreal Projects/Game/Content/Sprites/Super_Grotto_Escape_Files/Characters/Player/sprites/Player-shoot/player-shoot2_Sprite.uexp" 706
"C:/Users/milos/Documents/Unreal Projects/Game/Content/Sprites/Super_Grotto_Escape_Files/Characters/Player/sprites/Player-shoot/player-shoot1.uasset" 707
"C:/Users/milos/Documents/Unreal Projects/Game/Content/Sprites/Super_Grotto_Escape_Files/Characters/Player/sprites/Player-shoot/player-shoot1.uexp" 708
"C:/Users/milos/Documents/Unreal Projects/Game/Content/Sprites/Super_Grotto_Escape_Files/Characters/Player/sprites/Player-shoot/player-shoot1_Sprite.uasset" 709
"C:/Users/milos/Documents/Unreal Projects/Game/Content/Sprites/Super_Grotto_Escape_Files/Characters/Player/sprites/Player-shoot/player-shoot1_Sprite.uexp" 710
"C:/Users/milos/Documents/Unreal Projects/Game/Content/Sprites/Super_Grotto_Escape_Files/Characters/Player/sprites/Player-shoot/player-shoot.uasset" 711
"C:/Users/milos/Documents/Unreal Projects/Game/Content/Sprites/Super_Grotto_Escape_Files/Characters/Player/sprites/Player-shoot/player-shoot.uexp" 712
"C:/Users/milos/Documents/Unreal Projects/Game/Content/Sprites/Super_Grotto_Escape_Files/Environment/Layers/tileset.uasset" 713
"C:/Users/milos/Documents/Unreal Projects/Game/Content/Sprites/Super_Grotto_Escape_Files/Environment/Layers/tileset.uexp" 714
"C:/Users/milos/Documents/Unreal Projects/Game/Content/Sprites/Super_Grotto_Escape_Files/Environment/Layers/tileset_TileSet.uasset" 715
"C:/Users/milos/Documents/Unreal Projects/Game/Content/Sprites/Super_Grotto_Escape_Files/Environment/Layers/tileset_TileSet.uexp" 716
"../../../Engine/Content/Maps/Entry_BuiltData.uasset" 717
"../../../Engine/Content/Maps/Entry_BuiltData.uexp" 718
"../../../Engine/Content/Maps/Entry.uexp" 719
"../../../Engine/Content/Maps/Entry.umap" 720
"C:/Users/milos/Documents/Unreal Projects/Game/Content/Sprites/TwoHearts.uasset" 721
"C:/Users/milos/Documents/Unreal Projects/Game/Content/Sprites/TwoHearts.uexp" 722
"C:/Users/milos/Documents/Unreal Projects/Game/Content/Sprites/GameOverText.uasset" 723
"C:/Users/milos/Documents/Unreal Projects/Game/Content/Sprites/GameOverText.uexp" 724
"C:/Users/milos/Documents/Unreal Projects/Game/Content/Sprites/OneHeart.uasset" 725
"C:/Users/milos/Documents/Unreal Projects/Game/Content/Sprites/OneHeart.uexp" 726
"C:/Users/milos/Documents/Unreal Projects/Game/Content/Sprites/ThreeHearts.uasset" 727
"C:/Users/milos/Documents/Unreal Projects/Game/Content/Sprites/ThreeHearts.uexp" 728
"../../../Engine/Content/EditorBlueprintResources/StandardMacros.uasset" 729
"../../../Engine/Content/EditorBlueprintResources/StandardMacros.uexp" 730
"C:/Users/milos/Documents/Unreal Projects/Game/Content/Blueprints/InGameUI.uasset" 731
"C:/Users/milos/Documents/Unreal Projects/Game/Content/Blueprints/InGameUI.uexp" 732
"C:/Users/milos/Documents/Unreal Projects/Game/Content/Blueprints/GameOverManager.uasset" 733
"C:/Users/milos/Documents/Unreal Projects/Game/Content/Blueprints/GameOverManager.uexp" 734
"C:/Users/milos/Documents/Unreal Projects/Game/Content/Sprites/Super_Grotto_Escape_Files/Fx/Sprites/Explosion/explosion4.uasset" 735
"C:/Users/milos/Documents/Unreal Projects/Game/Content/Sprites/Super_Grotto_Escape_Files/Fx/Sprites/Explosion/explosion4.uexp" 736
"C:/Users/milos/Documents/Unreal Projects/Game/Content/Sprites/Super_Grotto_Escape_Files/Fx/Sprites/Explosion/explosion4_Sprite.uasset" 737
"C:/Users/milos/Documents/Unreal Projects/Game/Content/Sprites/Super_Grotto_Escape_Files/Fx/Sprites/Explosion/explosion4_Sprite.uexp" 738
"C:/Users/milos/Documents/Unreal Projects/Game/Content/Sprites/Super_Grotto_Escape_Files/Fx/Sprites/Explosion/explosion3.uasset" 739
"C:/Users/milos/Documents/Unreal Projects/Game/Content/Sprites/Super_Grotto_Escape_Files/Fx/Sprites/Explosion/explosion3.uexp" 740
"C:/Users/milos/Documents/Unreal Projects/Game/Content/Sprites/Super_Grotto_Escape_Files/Fx/Sprites/Explosion/explosion3_Sprite.uasset" 741
"C:/Users/milos/Documents/Unreal Projects/Game/Content/Sprites/Super_Grotto_Escape_Files/Fx/Sprites/Explosion/explosion3_Sprite.uexp" 742
"C:/Users/milos/Documents/Unreal Projects/Game/Content/Sprites/Super_Grotto_Escape_Files/Fx/Sprites/Explosion/explosion2.uasset" 743
"C:/Users/milos/Documents/Unreal Projects/Game/Content/Sprites/Super_Grotto_Escape_Files/Fx/Sprites/Explosion/explosion2.uexp" 744
"C:/Users/milos/Documents/Unreal Projects/Game/Content/Sprites/Super_Grotto_Escape_Files/Fx/Sprites/Explosion/explosion2_Sprite.uasset" 745
"C:/Users/milos/Documents/Unreal Projects/Game/Content/Sprites/Super_Grotto_Escape_Files/Fx/Sprites/Explosion/explosion2_Sprite.uexp" 746
"C:/Users/milos/Documents/Unreal Projects/Game/Content/Sprites/Super_Grotto_Escape_Files/Fx/Sprites/Explosion/explosion1.uasset" 747
"C:/Users/milos/Documents/Unreal Projects/Game/Content/Sprites/Super_Grotto_Escape_Files/Fx/Sprites/Explosion/explosion1.uexp" 748
"C:/Users/milos/Documents/Unreal Projects/Game/Content/Sprites/Super_Grotto_Escape_Files/Fx/Sprites/Explosion/explosion1_Sprite.uasset" 749
"C:/Users/milos/Documents/Unreal Projects/Game/Content/Sprites/Super_Grotto_Escape_Files/Fx/Sprites/Explosion/explosion1_Sprite.uexp" 750
"C:/Users/milos/Documents/Unreal Projects/Game/Content/Sprites/Super_Grotto_Escape_Files/Fx/Sprites/Explosion/explosion.uasset" 751
"C:/Users/milos/Documents/Unreal Projects/Game/Content/Sprites/Super_Grotto_Escape_Files/Fx/Sprites/Explosion/explosion.uexp" 752
"C:/Users/milos/Documents/Unreal Projects/Game/Content/Sprites/Super_Grotto_Escape_Files/Fx/Sprites/Big-Explosion/big-explosion9.uasset" 753
"C:/Users/milos/Documents/Unreal Projects/Game/Content/Sprites/Super_Grotto_Escape_Files/Fx/Sprites/Big-Explosion/big-explosion9.uexp" 754
"C:/Users/milos/Documents/Unreal Projects/Game/Content/Sprites/Super_Grotto_Escape_Files/Fx/Sprites/Big-Explosion/big-explosion9_Sprite.uasset" 755
"C:/Users/milos/Documents/Unreal Projects/Game/Content/Sprites/Super_Grotto_Escape_Files/Fx/Sprites/Big-Explosion/big-explosion9_Sprite.uexp" 756
"C:/Users/milos/Documents/Unreal Projects/Game/Content/Sprites/Super_Grotto_Escape_Files/Fx/Sprites/Big-Explosion/big-explosion8.uasset" 757
"C:/Users/milos/Documents/Unreal Projects/Game/Content/Sprites/Super_Grotto_Escape_Files/Fx/Sprites/Big-Explosion/big-explosion8.uexp" 758
"C:/Users/milos/Documents/Unreal Projects/Game/Content/Sprites/Super_Grotto_Escape_Files/Fx/Sprites/Big-Explosion/big-explosion8_Sprite.uasset" 759
"C:/Users/milos/Documents/Unreal Projects/Game/Content/Sprites/Super_Grotto_Escape_Files/Fx/Sprites/Big-Explosion/big-explosion8_Sprite.uexp" 760
"C:/Users/milos/Documents/Unreal Projects/Game/Content/Sprites/Super_Grotto_Escape_Files/Fx/Sprites/Big-Explosion/big-explosion7.uasset" 761
"C:/Users/milos/Documents/Unreal Projects/Game/Content/Sprites/Super_Grotto_Escape_Files/Fx/Sprites/Big-Explosion/big-explosion7.uexp" 762
"C:/Users/milos/Documents/Unreal Projects/Game/Content/Sprites/Super_Grotto_Escape_Files/Fx/Sprites/Big-Explosion/big-explosion7_Sprite.uasset" 763
"C:/Users/milos/Documents/Unreal Projects/Game/Content/Sprites/Super_Grotto_Escape_Files/Fx/Sprites/Big-Explosion/big-explosion7_Sprite.uexp" 764
"C:/Users/milos/Documents/Unreal Projects/Game/Content/Sprites/Super_Grotto_Escape_Files/Fx/Sprites/Big-Explosion/big-explosion6.uasset" 765
"C:/Users/milos/Documents/Unreal Projects/Game/Content/Sprites/Super_Grotto_Escape_Files/Fx/Sprites/Big-Explosion/big-explosion6.uexp" 766
"C:/Users/milos/Documents/Unreal Projects/Game/Content/Sprites/Super_Grotto_Escape_Files/Fx/Sprites/Big-Explosion/big-explosion6_Sprite.uasset" 767
"C:/Users/milos/Documents/Unreal Projects/Game/Content/Sprites/Super_Grotto_Escape_Files/Fx/Sprites/Big-Explosion/big-explosion6_Sprite.uexp" 768
"C:/Users/milos/Documents/Unreal Projects/Game/Content/Sprites/Super_Grotto_Escape_Files/Fx/Sprites/Big-Explosion/big-explosion5.uasset" 769
"C:/Users/milos/Documents/Unreal Projects/Game/Content/Sprites/Super_Grotto_Escape_Files/Fx/Sprites/Big-Explosion/big-explosion5.uexp" 770
"C:/Users/milos/Documents/Unreal Projects/Game/Content/Sprites/Super_Grotto_Escape_Files/Fx/Sprites/Big-Explosion/big-explosion5_Sprite.uasset" 771
"C:/Users/milos/Documents/Unreal Projects/Game/Content/Sprites/Super_Grotto_Escape_Files/Fx/Sprites/Big-Explosion/big-explosion5_Sprite.uexp" 772
"C:/Users/milos/Documents/Unreal Projects/Game/Content/Sprites/Super_Grotto_Escape_Files/Fx/Sprites/Big-Explosion/big-explosion4.uasset" 773
"C:/Users/milos/Documents/Unreal Projects/Game/Content/Sprites/Super_Grotto_Escape_Files/Fx/Sprites/Big-Explosion/big-explosion4.uexp" 774
"C:/Users/milos/Documents/Unreal Projects/Game/Content/Sprites/Super_Grotto_Escape_Files/Fx/Sprites/Big-Explosion/big-explosion4_Sprite.uasset" 775
"C:/Users/milos/Documents/Unreal Projects/Game/Content/Sprites/Super_Grotto_Escape_Files/Fx/Sprites/Big-Explosion/big-explosion4_Sprite.uexp" 776
"C:/Users/milos/Documents/Unreal Projects/Game/Content/Sprites/Super_Grotto_Escape_Files/Fx/Sprites/Big-Explosion/big-explosion3.uasset" 777
"C:/Users/milos/Documents/Unreal Projects/Game/Content/Sprites/Super_Grotto_Escape_Files/Fx/Sprites/Big-Explosion/big-explosion3.uexp" 778
"C:/Users/milos/Documents/Unreal Projects/Game/Content/Sprites/Super_Grotto_Escape_Files/Fx/Sprites/Big-Explosion/big-explosion3_Sprite.uasset" 779
"C:/Users/milos/Documents/Unreal Projects/Game/Content/Sprites/Super_Grotto_Escape_Files/Fx/Sprites/Big-Explosion/big-explosion3_Sprite.uexp" 780
"C:/Users/milos/Documents/Unreal Projects/Game/Content/Sprites/Super_Grotto_Escape_Files/Fx/Sprites/Big-Explosion/big-explosion2.uasset" 781
"C:/Users/milos/Documents/Unreal Projects/Game/Content/Sprites/Super_Grotto_Escape_Files/Fx/Sprites/Big-Explosion/big-explosion2.uexp" 782
"C:/Users/milos/Documents/Unreal Projects/Game/Content/Sprites/Super_Grotto_Escape_Files/Fx/Sprites/Big-Explosion/big-explosion2_Sprite.uasset" 783
"C:/Users/milos/Documents/Unreal Projects/Game/Content/Sprites/Super_Grotto_Escape_Files/Fx/Sprites/Big-Explosion/big-explosion2_Sprite.uexp" 784
"C:/Users/milos/Documents/Unreal Projects/Game/Content/Sprites/Super_Grotto_Escape_Files/Fx/Sprites/Big-Explosion/big-explosion1.uasset" 785
"C:/Users/milos/Documents/Unreal Projects/Game/Content/Sprites/Super_Grotto_Escape_Files/Fx/Sprites/Big-Explosion/big-explosion1.uexp" 786
"C:/Users/milos/Documents/Unreal Projects/Game/Content/Sprites/Super_Grotto_Escape_Files/Fx/Sprites/Big-Explosion/big-explosion1_Sprite.uasset" 787
"C:/Users/milos/Documents/Unreal Projects/Game/Content/Sprites/Super_Grotto_Escape_Files/Fx/Sprites/Big-Explosion/big-explosion1_Sprite.uexp" 788
"C:/Users/milos/Documents/Unreal Projects/Game/Content/Sprites/Super_Grotto_Escape_Files/Fx/Sprites/Big-Explosion/big-explosion.uasset" 789
"C:/Users/milos/Documents/Unreal Projects/Game/Content/Sprites/Super_Grotto_Escape_Files/Fx/Sprites/Big-Explosion/big-explosion.uexp" 790
"C:/Users/milos/Documents/Unreal Projects/Game/Content/Sprites/Super_Grotto_Escape_Files/Characters/Enemies/sprites/Ghost/ghost4.uasset" 791
"C:/Users/milos/Documents/Unreal Projects/Game/Content/Sprites/Super_Grotto_Escape_Files/Characters/Enemies/sprites/Ghost/ghost4.uexp" 792
"C:/Users/milos/Documents/Unreal Projects/Game/Content/Sprites/Super_Grotto_Escape_Files/Characters/Enemies/sprites/Ghost/ghost4_Sprite.uasset" 793
"C:/Users/milos/Documents/Unreal Projects/Game/Content/Sprites/Super_Grotto_Escape_Files/Characters/Enemies/sprites/Ghost/ghost4_Sprite.uexp" 794
"C:/Users/milos/Documents/Unreal Projects/Game/Content/Sprites/Super_Grotto_Escape_Files/Characters/Enemies/sprites/Ghost/ghost3.uasset" 795
"C:/Users/milos/Documents/Unreal Projects/Game/Content/Sprites/Super_Grotto_Escape_Files/Characters/Enemies/sprites/Ghost/ghost3.uexp" 796
"C:/Users/milos/Documents/Unreal Projects/Game/Content/Sprites/Super_Grotto_Escape_Files/Characters/Enemies/sprites/Ghost/ghost3_Sprite.uasset" 797
"C:/Users/milos/Documents/Unreal Projects/Game/Content/Sprites/Super_Grotto_Escape_Files/Characters/Enemies/sprites/Ghost/ghost3_Sprite.uexp" 798
"C:/Users/milos/Documents/Unreal Projects/Game/Content/Sprites/Super_Grotto_Escape_Files/Characters/Enemies/sprites/Ghost/ghost2.uasset" 799
"C:/Users/milos/Documents/Unreal Projects/Game/Content/Sprites/Super_Grotto_Escape_Files/Characters/Enemies/sprites/Ghost/ghost2.uexp" 800
"C:/Users/milos/Documents/Unreal Projects/Game/Content/Sprites/Super_Grotto_Escape_Files/Characters/Enemies/sprites/Ghost/ghost2_Sprite.uasset" 801
"C:/Users/milos/Documents/Unreal Projects/Game/Content/Sprites/Super_Grotto_Escape_Files/Characters/Enemies/sprites/Ghost/ghost2_Sprite.uexp" 802
"C:/Users/milos/Documents/Unreal Projects/Game/Content/Sprites/Super_Grotto_Escape_Files/Characters/Enemies/sprites/Ghost/ghost1.uasset" 803
"C:/Users/milos/Documents/Unreal Projects/Game/Content/Sprites/Super_Grotto_Escape_Files/Characters/Enemies/sprites/Ghost/ghost1.uexp" 804
"C:/Users/milos/Documents/Unreal Projects/Game/Content/Sprites/Super_Grotto_Escape_Files/Characters/Enemies/sprites/Ghost/ghost1_Sprite.uasset" 805
"C:/Users/milos/Documents/Unreal Projects/Game/Content/Sprites/Super_Grotto_Escape_Files/Characters/Enemies/sprites/Ghost/ghost1_Sprite.uexp" 806
"C:/Users/milos/Documents/Unreal Projects/Game/Content/Sprites/Super_Grotto_Escape_Files/Characters/Enemies/sprites/Ghost/ghost.uasset" 807
"C:/Users/milos/Documents/Unreal Projects/Game/Content/Sprites/Super_Grotto_Escape_Files/Characters/Enemies/sprites/Ghost/ghost.uexp" 808
"C:/Users/milos/Documents/Unreal Projects/Game/Content/Blueprints/Ghost.uasset" 809
"C:/Users/milos/Documents/Unreal Projects/Game/Content/Blueprints/Ghost.uexp" 810
"C:/Users/milos/Documents/Unreal Projects/Game/Content/Blueprints/SpawnManager.uasset" 811
"C:/Users/milos/Documents/Unreal Projects/Game/Content/Blueprints/SpawnManager.uexp" 812
"C:/Users/milos/Documents/Unreal Projects/Game/Content/Sprites/Super_Grotto_Escape_Files/Environment/Layers/tileset-2.uasset" 813
"C:/Users/milos/Documents/Unreal Projects/Game/Content/Sprites/Super_Grotto_Escape_Files/Environment/Layers/tileset-2.uexp" 814
"C:/Users/milos/Documents/Unreal Projects/Game/Content/Sprites/Super_Grotto_Escape_Files/Environment/Layers/tileset-2_TileSet.uasset" 815
"C:/Users/milos/Documents/Unreal Projects/Game/Content/Sprites/Super_Grotto_Escape_Files/Environment/Layers/tileset-2_TileSet.uexp" 816
"C:/Users/milos/Documents/Unreal Projects/Game/Content/Sprites/Super_Grotto_Escape_Files/Environment/Layers/Platform1.uasset" 817
"C:/Users/milos/Documents/Unreal Projects/Game/Content/Sprites/Super_Grotto_Escape_Files/Environment/Layers/Platform1.uexp" 818
"C:/Users/milos/Documents/Unreal Projects/Game/Content/Sprites/Super_Grotto_Escape_Files/Environment/Layers/back.uasset" 819
"C:/Users/milos/Documents/Unreal Projects/Game/Content/Sprites/Super_Grotto_Escape_Files/Environment/Layers/back.uexp" 820
"C:/Users/milos/Documents/Unreal Projects/Game/Content/Sprites/Super_Grotto_Escape_Files/Environment/Layers/back_Sprite.uasset" 821
"C:/Users/milos/Documents/Unreal Projects/Game/Content/Sprites/Super_Grotto_Escape_Files/Environment/Layers/back_Sprite.uexp" 822
"C:/Users/milos/Documents/Unreal Projects/Game/Content/Levels/MainLevel.uexp" 823
"C:/Users/milos/Documents/Unreal Projects/Game/Content/Levels/MainLevel.umap" 824
